
================== ASTRAL ===================== 

This is ASTRAL version 5.6.1
Gene trees are treated as unrooted
6194 trees read from combined-indel-genetrees-5-contract.tre
All output trees will be *arbitrarily* rooted at MELGA

======== Running the main analysis
Number of taxa: 48 (48 species)
Taxa: [MELGA, ANAPL, NIPNI, EGRGA, TAUER, FULGL, CUCCA, CATAU, FALPE, ACACH, MANVI, CORBR, GEOFO, TAEGU, MERNU, PICPU, CARCR, TYTAL, LEPDI, COLST, APAVI, NESNO, MELUN, HALLE, HALAL, BUCRH, PHORU, PODCR, PHALE, EURHE, PTEGU, MESUN, PELCR, BALRE, CAPCA, CHAVO, COLLI, CHAPE, CALAN, OPHHO, GAVST, PYGAD, APTFO, CHLUN, STRCA, TINMA, GALGA, PHACA]
Taxon occupancy: {FULGL=6072, ANAPL=6070, COLLI=6098, MESUN=5994, TAUER=6018, HALAL=6041, PHALE=6043, GALGA=6188, BUCRH=5991, TINMA=5934, MELUN=6054, PYGAD=6142, MELGA=5962, TYTAL=6042, PHORU=6037, COLST=5923, CALAN=6090, NESNO=6044, STRCA=6090, TAEGU=5642, PODCR=5988, GAVST=6048, MERNU=5975, APAVI=5993, NIPNI=6153, CAPCA=6013, FALPE=6142, BALRE=6086, CHAPE=6101, PTEGU=6023, PELCR=6011, CORBR=6102, CATAU=5754, CHAVO=6161, PICPU=5957, EGRGA=6139, EURHE=5980, CARCR=6039, PHACA=6055, OPHHO=6105, CHLUN=6044, GEOFO=6092, LEPDI=6066, MANVI=6078, ACACH=5964, APTFO=6156, CUCCA=6109, HALLE=6089}
Number of gene trees: 6194
2204 trees have missing taxa
Calculating quartet distance matrix (for completion of X)
Mem reserved
Mem reserved. 2
..................................................................................................................................................................................................................................................................................................................................................................................................................................................................................................................................................................................................................................................................................................................................................................................................................................................................................................................................................................................................................................................................................................................................................................................................................................................................................................................................................................................................................................................................................................................................................................................................................................................................................................................................................................................................................................................................................................................................................................................................................................................................................................................................................................................................................................................................................................................................................................................................................................................................................................................................................................................................................................................................................................................................................................................................................................................................................................................................................................................................................................................................................................................................................................................................................................................................................................................................................................................................................................................................................................................................................................................................................................................................................................................................................................................................................................................................................................................................................................................................................................................................................................................................................................................................................................................................................................................................................................................................................................................................................................................................................................................................................................................................................................................................................................................................................................................................................................................................................................................................................................................................................................................................................................................................................................................................................................................................................................................................................................................................................................................................................................................................................................................................................................................................................................................................................................................................................................................................................................................................................................................................................................................................................................................................................................................................................................................................................................................................................................................BS set and saved
Convert to species 
Species tree distances calculated ...
Will attempt to complete bipartitions from X before adding using a distance matrix.
Building set of clusters (X) from gene trees 
------------------------------
gradient0: 324079
Number of Clusters after addition by distance: 324079
calculating extra bipartitions to be added at level 1 ...
Adding to X using resolutions of greedy consensus ...
Limit for sigma of degrees:1250
polytomy size limit : 31
discarded polytomies: 34 34  [5, 6, 9, 10, 24, 31, 34, 34]
Threshold 0.0:
Threshold 0.01:
polytomy of size 5; rounds with additions with at least 5 support: 0; clusters: 324079
polytomy of size 9; rounds with additions with at least 5 support: 0; clusters: 324177
Threshold 0.02:
polytomy of size 6; rounds with additions with at least 5 support: 0; clusters: 324181
polytomy of size 10; rounds with additions with at least 5 support: 0; clusters: 324247
Threshold 0.05:
polytomy of size 24; rounds with additions with at least 5 support: 0; clusters: 324259
Threshold 0.1:
polytomy of size 31; rounds with additions with at least 5 support: 0; clusters: 324261
Threshold 0.2:
polytomy of size 34; rounds with additions with at least 5 support: 0; clusters: 324261
Threshold 0.3333333333333333:
polytomy of size 34; rounds with additions with at least 5 support: 0; clusters: 324261
max k is :0
Number of Clusters after addition by greedy: 324261
gradient0 in heuristiic: 324261
partitions formed in 71.313 secs
Dynamic Programming starting after 71.313 secs
Using tree-based weight calculation.
Using polytree-based weight calculation.
Polytree max score: 580968163
Polytree building time: 1.573 seconds.
Number of quartet trees in the gene trees: 580968163
Size of largest cluster: 48
Greedy score: 321698306
estimationFactor: 1.8059410079703684
Calculated 100000 weights; time (seconds): 1024
Calculated 200000 weights; time (seconds): 1009
Calculated 300000 weights; time (seconds): 953
Calculated 400000 weights; time (seconds): 835
Calculated 500000 weights; time (seconds): 829
Calculated 600000 weights; time (seconds): 802
Sub-optimal score: 340512386
Calculated 700000 weights; time (seconds): 816
Calculated 800000 weights; time (seconds): 770
Calculated 900000 weights; time (seconds): 742
Calculated 1000000 weights; time (seconds): 708
Calculated 1100000 weights; time (seconds): 704
Calculated 1200000 weights; time (seconds): 710
Calculated 1300000 weights; time (seconds): 714
Calculated 1400000 weights; time (seconds): 711
Calculated 1500000 weights; time (seconds): 717
Calculated 1600000 weights; time (seconds): 709
Calculated 1700000 weights; time (seconds): 724
Calculated 1800000 weights; time (seconds): 729
Calculated 1900000 weights; time (seconds): 699
Calculated 2000000 weights; time (seconds): 704
Calculated 2100000 weights; time (seconds): 708
Calculated 2200000 weights; time (seconds): 714
Calculated 2300000 weights; time (seconds): 747
Calculated 2400000 weights; time (seconds): 721
Calculated 2500000 weights; time (seconds): 739
Calculated 2600000 weights; time (seconds): 740
Calculated 2700000 weights; time (seconds): 774
Calculated 2800000 weights; time (seconds): 739
Calculated 2900000 weights; time (seconds): 752
Calculated 3000000 weights; time (seconds): 775
Calculated 3100000 weights; time (seconds): 749
Calculated 3200000 weights; time (seconds): 755
Calculated 3300000 weights; time (seconds): 755
Calculated 3400000 weights; time (seconds): 764
Calculated 3500000 weights; time (seconds): 750
Total Number of elements weighted: 3519435
Normalized score (portion of input quartet trees satisfied before correcting for multiple individuals): 0.5962304788119689
Optimization score: 346390926
Optimal tree inferred in 26969.837 secs.
(APAVI,((BUCRH,(MERNU,PICPU)),(LEPDI,(COLST,((CARCR,(FALPE,((NESNO,MELUN),(ACACH,(MANVI,(CORBR,(GEOFO,TAEGU))))))),((TYTAL,(CATAU,(HALLE,HALAL))),(((CAPCA,(CHAPE,CALAN)),((CUCCA,(TAUER,CHLUN)),((COLLI,(PTEGU,MESUN)),((STRCA,TINMA),(ANAPL,(MELGA,GALGA)))))),((PHORU,PODCR),((BALRE,CHAVO),(OPHHO,((PHALE,EURHE),(GAVST,((FULGL,(PYGAD,APTFO)),(PHACA,(EGRGA,(NIPNI,PELCR))))))))))))))));
Final quartet score is: 346390926
Final normalized quartet score is: 0.5962304788119689
(MELGA,(GALGA,(ANAPL,((STRCA,TINMA)1:2.2543906816094896,((COLLI,(PTEGU,MESUN)1:0.19725626378749617)0.96:0.030320973550032007,((CUCCA,(TAUER,CHLUN)0.74:0.020645845091266192)1:0.043949375649502,((CAPCA,(CHAPE,CALAN)1:0.9572107029214011)1:0.3376537517898783,(((PHORU,PODCR)1:1.2187375926807642,((BALRE,CHAVO)0.76:0.016756257315458982,(OPHHO,((PHALE,EURHE)1:0.20665294819739272,(GAVST,((FULGL,(PYGAD,APTFO)1:2.876832703731552)1:0.15799773397447134,(PHACA,(EGRGA,(NIPNI,PELCR)1:0.03842570839936116)1:0.10451909795944758)1:0.12826900133959665)1:0.22605800760816072)1:0.3075616470604237)0.68:0.01440392730605435)0.47:0.005993193837850365)0.71:0.01480260132659208)0.53:0.01114948359913075,((TYTAL,(CATAU,(HALLE,HALAL)1:4.230186496135236)1:0.18496655587587546)1:0.07502266625697218,((CARCR,(FALPE,((NESNO,MELUN)1:3.6981391655382088,(ACACH,(MANVI,(CORBR,(GEOFO,TAEGU)1:1.390471321222587)1:2.6139317508582347)1:0.5483563761387588)1:2.4545293939175328)1:0.12584146029561316)1:0.09784857256598165)1:0.08007004373655087,(COLST,(LEPDI,((BUCRH,(MERNU,PICPU)1:0.09936897689007816)1:0.08282435412487128,APAVI)1:0.051290634303005116)1:0.07724985510276983)0.72:0.01715878727088992)1:0.05235443719888582)1:0.5730588924875828)0.52:0.009537408836153815)0.58:0.009593659459183052)0.47:0.011266423450240714)1:1.8148487943179799)1:1.1789394052943503)1:2.6197688271096697));
Weight calculation took 25565.809762837 secs
ASTRAL finished in 26974.143 secs
