
================== ASTRAL ===================== 

This is ASTRAL version 5.6.1
Gene trees are treated as unrooted
7358 trees read from uce-combined-genetrees-5-contract.tre
All output trees will be *arbitrarily* rooted at STRCA

======== Running the main analysis
Number of taxa: 48 (48 species)
Taxa: [STRCA, LEPDI, EGRGA, GALGA, MELGA, CALAN, MESUN, PELCR, APTFO, PYGAD, MELUN, NESNO, TAUER, FALPE, BUCRH, ACACH, CORBR, TAEGU, GEOFO, CUCCA, NIPNI, PHORU, PODCR, EURHE, TYTAL, HALLE, HALAL, PHACA, COLST, BALRE, CHAPE, MANVI, OPHHO, FULGL, CATAU, CARCR, APAVI, CAPCA, MERNU, PHALE, CHLUN, COLLI, PICPU, CHAVO, GAVST, ANAPL, PTEGU, TINMA]
Taxon occupancy: {FULGL=7358, COLLI=7358, ANAPL=7357, MESUN=7358, GALGA=7353, TAUER=7358, HALAL=7357, PHALE=7358, BUCRH=7356, TINMA=7358, MELUN=7358, PYGAD=7358, MELGA=7358, PHORU=7357, TYTAL=7356, COLST=7358, CALAN=7358, STRCA=7358, NESNO=7358, TAEGU=7358, PODCR=7357, GAVST=7358, APAVI=7358, MERNU=7358, NIPNI=7358, CAPCA=7358, FALPE=7358, BALRE=7358, CHAPE=7358, PELCR=7358, PTEGU=7358, CORBR=7358, CATAU=7356, CHAVO=7358, PICPU=7357, EGRGA=7358, EURHE=7358, CARCR=7356, PHACA=7357, OPHHO=7358, CHLUN=7357, LEPDI=7358, GEOFO=7358, MANVI=7358, APTFO=7358, ACACH=7358, CUCCA=7358, HALLE=7357}
Number of gene trees: 7358
18 trees have missing taxa
Calculating quartet distance matrix (for completion of X)
Mem reserved
Mem reserved. 2
..............................................................................................................................................................................................................................................................................................................................................................................................................................................................................................................................................................................................................................................................................................................................................................................................................................................................................................................................................................................................................................................................................................................................................................................................................................................................................................................................................................................................................................................................................................................................................................................................................................................................................................................................................................................................................................................................................................................................................................................................................................................................................................................................................................................................................................................................................................................................................................................................................................................................................................................................................................................................................................................................................................................................................................................................................................................................................................................................................................................................................................................................................................................................................................................................................................................................................................................................................................................................................................................................................................................................................................................................................................................................................................................................................................................................................................................................................................................................................................................................................................................................................................................................................................................................................................................................................................................................................................................................................................................................................................................................................................................................................................................................................................................................................................................................................................................................................................................................................................................................................................................................................................................................................................................................................................................................................................................................................................................................................................................................................................................................................................................................................................................................................................................................................................................................................................................................................................................................................................................................................................................................................................................................................................................................................................................................................................................................................................................................................................................................................................................................................................................................................................................................................................................................................................................................................................................................................................................................................................................................................................................................................................................................................................................................................................................................................................................................................................................................................................................................................................................................................................................................................................................................BS set and saved
Convert to species 
Species tree distances calculated ...
Will attempt to complete bipartitions from X before adding using a distance matrix.
Building set of clusters (X) from gene trees 
------------------------------
gradient0: 340779
Number of Clusters after addition by distance: 340779
calculating extra bipartitions to be added at level 1 ...
Adding to X using resolutions of greedy consensus ...
Limit for sigma of degrees:1250
polytomy size limit : 28
discarded polytomies: 33 34  [4, 4, 9, 10, 22, 28, 33, 34]
Threshold 0.0:
Threshold 0.01:
polytomy of size 4; rounds with additions with at least 5 support: 0; clusters: 340779
polytomy of size 9; rounds with additions with at least 5 support: 0; clusters: 340845
Threshold 0.02:
polytomy of size 4; rounds with additions with at least 5 support: 0; clusters: 340845
polytomy of size 10; rounds with additions with at least 5 support: 0; clusters: 340885
Threshold 0.05:
polytomy of size 22; rounds with additions with at least 5 support: 0; clusters: 340885
Threshold 0.1:
polytomy of size 28; rounds with additions with at least 5 support: 0; clusters: 340885
Threshold 0.2:
polytomy of size 33; rounds with additions with at least 5 support: 0; clusters: 340885
Threshold 0.3333333333333333:
polytomy of size 34; rounds with additions with at least 5 support: 0; clusters: 340885
max k is :0
Number of Clusters after addition by greedy: 340885
gradient0 in heuristiic: 340885
partitions formed in 79.653 secs
Dynamic Programming starting after 79.654 secs
Using tree-based weight calculation.
Using polytree-based weight calculation.
Polytree max score: 773559948
Polytree building time: 2.077 seconds.
Number of quartet trees in the gene trees: 773559948
Size of largest cluster: 48
Greedy score: 459555515
estimationFactor: 1.6832785653763724
Calculated 100000 weights; time (seconds): 882
Calculated 200000 weights; time (seconds): 849
Calculated 300000 weights; time (seconds): 828
Calculated 400000 weights; time (seconds): 776
Calculated 500000 weights; time (seconds): 696
Calculated 600000 weights; time (seconds): 689
Calculated 700000 weights; time (seconds): 668
Calculated 800000 weights; time (seconds): 664
Calculated 900000 weights; time (seconds): 665
Sub-optimal score: 481918028
Calculated 1000000 weights; time (seconds): 640
Calculated 1100000 weights; time (seconds): 612
Calculated 1200000 weights; time (seconds): 595
Calculated 1300000 weights; time (seconds): 582
Calculated 1400000 weights; time (seconds): 586
Calculated 1500000 weights; time (seconds): 590
Calculated 1600000 weights; time (seconds): 585
Calculated 1700000 weights; time (seconds): 576
Calculated 1800000 weights; time (seconds): 583
Calculated 1900000 weights; time (seconds): 580
Calculated 2000000 weights; time (seconds): 579
Calculated 2100000 weights; time (seconds): 583
Calculated 2200000 weights; time (seconds): 591
Calculated 2300000 weights; time (seconds): 565
Calculated 2400000 weights; time (seconds): 560
Calculated 2500000 weights; time (seconds): 560
Calculated 2600000 weights; time (seconds): 581
Calculated 2700000 weights; time (seconds): 568
Calculated 2800000 weights; time (seconds): 572
Calculated 2900000 weights; time (seconds): 574
Calculated 3000000 weights; time (seconds): 578
Calculated 3100000 weights; time (seconds): 601
Calculated 3200000 weights; time (seconds): 577
Calculated 3300000 weights; time (seconds): 631
Calculated 3400000 weights; time (seconds): 581
Calculated 3500000 weights; time (seconds): 636
Calculated 3600000 weights; time (seconds): 617
Calculated 3700000 weights; time (seconds): 659
Calculated 3800000 weights; time (seconds): 587
Calculated 3900000 weights; time (seconds): 653
Calculated 4000000 weights; time (seconds): 661
Calculated 4100000 weights; time (seconds): 624
Calculated 4200000 weights; time (seconds): 627
Calculated 4300000 weights; time (seconds): 661
Calculated 4400000 weights; time (seconds): 652
Calculated 4500000 weights; time (seconds): 649
Calculated 4600000 weights; time (seconds): 648
Calculated 4700000 weights; time (seconds): 645
Calculated 4800000 weights; time (seconds): 642
Calculated 4900000 weights; time (seconds): 631
Calculated 5000000 weights; time (seconds): 611
Total Number of elements weighted: 5044017
Normalized score (portion of input quartet trees satisfied before correcting for multiple individuals): 0.639680933946182
Optimization score: 494831550
Optimal tree inferred in 31842.827 secs.
(APAVI,((BUCRH,(MERNU,PICPU)),(LEPDI,(COLST,((CARCR,(FALPE,((MELUN,NESNO),(ACACH,(MANVI,(CORBR,(TAEGU,GEOFO))))))),((TYTAL,(CATAU,(HALLE,HALAL))),(((CUCCA,(TAUER,CHLUN)),(((STRCA,TINMA),(ANAPL,(GALGA,MELGA))),((PHORU,PODCR),(COLLI,(MESUN,PTEGU))))),((CAPCA,(CALAN,CHAPE)),((BALRE,(OPHHO,CHAVO)),((EURHE,PHALE),(GAVST,((FULGL,(APTFO,PYGAD)),(PHACA,(NIPNI,(EGRGA,PELCR)))))))))))))));
Final quartet score is: 494831550
Final normalized quartet score is: 0.639680933946182
(STRCA,(TINMA,((ANAPL,(GALGA,MELGA)1:3.228087402896526)1:1.5583397507975965,(((PHORU,PODCR)1:1.7926809552008194,(COLLI,(MESUN,PTEGU)1:0.26939073744959213)0.85:0.026943438794815103)0.63:0.014993688785289717,((CUCCA,(TAUER,CHLUN)0.91:0.031321121529488495)1:0.0701998142986016,(((CAPCA,(CALAN,CHAPE)1:1.4846688394506968)1:0.5506289890269817,((BALRE,(OPHHO,CHAVO)0.4:0.004067993845318038)0.85:0.02656315279756385,((EURHE,PHALE)1:0.3373300585209355,(GAVST,((FULGL,(APTFO,PYGAD)1:3.238307486512331)1:0.15042311365452488,(PHACA,(NIPNI,(EGRGA,PELCR)1:0.05849068044210437)1:0.19775422953552682)1:0.3675864353026039)1:0.34801474995980214)1:0.3962379991892491)0.97:0.040787265840918796)0.63:0.017255532808802113)0.59:0.013275489987375553,((TYTAL,(CATAU,(HALLE,HALAL)1:4.453400619238783)1:0.24312143283375995)1:0.06318805208467496,((CARCR,(FALPE,((MELUN,NESNO)1:4.121379549745222,(ACACH,(MANVI,(CORBR,(TAEGU,GEOFO)1:1.7920200711828023)1:3.008251656053495)1:0.7809784708548978)1:2.8880065288901586)1:0.16653927121102619)1:0.155001546284827)1:0.13266835837371624,(COLST,(LEPDI,((BUCRH,(MERNU,PICPU)1:0.12794913284855056)1:0.1642797181116121,APAVI)1:0.08530090296051951)1:0.19111817770897008)0.69:0.024236221892755545)0.79:0.03332214825901105)1:0.8142964642485251)0.37:0.009045462724903917)0.55:0.014466135009652293)1:2.2647801144443074)1:2.529455548629699));
Weight calculation took 29930.721869612 secs
ASTRAL finished in 31849.055 secs
