
================== ASTRAL ===================== 

This is ASTRAL version 5.5.11
Gene trees are treated as unrooted
5030 trees read from intron-combined-genetrees-5-contract.tre
All output trees will be *arbitrarily* rooted at MELGA

======== Running the main analysis
Number of taxa: 48 (48 species)
Taxa: [MELGA, ANAPL, NIPNI, EGRGA, TAUER, FULGL, CUCCA, CATAU, FALPE, ACACH, MANVI, CORBR, GEOFO, TAEGU, MERNU, PICPU, CARCR, TYTAL, LEPDI, COLST, APAVI, NESNO, MELUN, HALLE, HALAL, BUCRH, PHORU, PODCR, PHALE, EURHE, PTEGU, MESUN, PELCR, BALRE, CAPCA, CHAVO, COLLI, CHAPE, CALAN, OPHHO, GAVST, PYGAD, APTFO, CHLUN, STRCA, TINMA, GALGA, PHACA]
Taxon occupancy: {FULGL=4786, ANAPL=4784, COLLI=4838, MESUN=4630, TAUER=4678, HALAL=4726, PHALE=4728, GALGA=5028, BUCRH=4628, TINMA=4510, MELUN=4750, PYGAD=4926, MELGA=4566, TYTAL=4730, PHORU=4718, COLST=4488, CALAN=4822, NESNO=4730, STRCA=4822, TAEGU=3926, PODCR=4620, GAVST=4738, MERNU=4592, APAVI=4628, NIPNI=4948, CAPCA=4668, FALPE=4926, BALRE=4814, CHAPE=4844, PTEGU=4688, PELCR=4664, CORBR=4846, CATAU=4154, CHAVO=4964, PICPU=4558, EGRGA=4920, EURHE=4602, CARCR=4724, PHACA=4754, OPHHO=4852, CHLUN=4732, GEOFO=4826, LEPDI=4774, MANVI=4798, ACACH=4570, APTFO=4954, CUCCA=4860, HALLE=4822}
Number of gene trees: 5030
4372 trees have missing taxa
Calculating quartet distance matrix (for completion of X)
Species tree distances calculated ...
Will attempt to complete bipartitions from X before adding using a distance matrix.
Building set of clusters (X) from gene trees 
------------------------------
gradient0: 186991
Number of Clusters after addition by distance: 186991
calculating extra bipartitions to be added at level 1 ...
Adding to X using resolutions of greedy consensus ...
Limit for sigma of degrees:1250
polytomy size limit : 33
discarded polytomies:  [4, 6, 7, 8, 11, 13, 25, 33]
Threshold 0.0:
Threshold 0.01:
polytomy of size 6; rounds with additions with at least 5 support: 0; clusters: 186995
Threshold 0.02:
polytomy of size 7; rounds with additions with at least 5 support: 0; clusters: 187007
Threshold 0.05:
polytomy of size 4; rounds with additions with at least 5 support: 0; clusters: 187007
polytomy of size 11; rounds with additions with at least 5 support: 0; clusters: 187007
Threshold 0.1:
polytomy of size 8; rounds with additions with at least 5 support: 0; clusters: 187007
polytomy of size 13; rounds with additions with at least 5 support: 0; clusters: 187007
Threshold 0.2:
polytomy of size 25; rounds with additions with at least 5 support: 0; clusters: 187007
Threshold 0.3333333333333333:
polytomy of size 33; rounds with additions with at least 5 support: 0; clusters: 187007
max k is :0
Number of Clusters after addition by greedy: 187007
gradient0 in heuristiic: 187007
partitions formed in 109.472 secs
Dynamic Programming starting after 109.472 secs
Using tree-based weight calculation.
Using polytree-based weight calculation.
Polytree max score: 540934657
Polytree building time: 1.376 seconds.
Number of quartet trees in the gene trees: 540934657
Size of largest cluster: 48
Greedy score: 332921017
estimationFactor: 1.6248137827838007
Calculated 100000 weights; time (seconds): 1319
Calculated 200000 weights; time (seconds): 1232
Calculated 300000 weights; time (seconds): 1114
Calculated 400000 weights; time (seconds): 886
Calculated 500000 weights; time (seconds): 833
Sub-optimal score: 341671764
Calculated 600000 weights; time (seconds): 829
Calculated 700000 weights; time (seconds): 810
Calculated 800000 weights; time (seconds): 794
Calculated 900000 weights; time (seconds): 798
Calculated 1000000 weights; time (seconds): 798
Calculated 1100000 weights; time (seconds): 799
Calculated 1200000 weights; time (seconds): 799
Calculated 1300000 weights; time (seconds): 769
Calculated 1400000 weights; time (seconds): 758
Calculated 1500000 weights; time (seconds): 764
Calculated 1600000 weights; time (seconds): 749
Calculated 1700000 weights; time (seconds): 743
Calculated 1800000 weights; time (seconds): 760
Calculated 1900000 weights; time (seconds): 773
Calculated 2000000 weights; time (seconds): 774
Calculated 2100000 weights; time (seconds): 763
Calculated 2200000 weights; time (seconds): 734
Calculated 2300000 weights; time (seconds): 690
Total Number of elements weighted: 2338243
Normalized score (portion of input quartet trees satisfied before correcting for multiple individuals): 0.647929234084922
Optimization score: 350487378
Optimal tree inferred in 19563.08 secs.
(APAVI,((BUCRH,(MERNU,PICPU)),(LEPDI,(COLST,((CARCR,(FALPE,((NESNO,MELUN),(ACACH,(MANVI,(CORBR,(GEOFO,TAEGU))))))),((TYTAL,(CATAU,(HALLE,HALAL))),(((TAUER,(CUCCA,CHLUN)),(((PHORU,PODCR),(COLLI,(PTEGU,MESUN))),((STRCA,TINMA),(ANAPL,(MELGA,GALGA))))),((CAPCA,(CHAPE,CALAN)),((BALRE,CHAVO),(OPHHO,((PHALE,EURHE),(GAVST,((FULGL,(PYGAD,APTFO)),(PHACA,(NIPNI,(EGRGA,PELCR))))))))))))))));
Final quartet score is: 350487378
Final normalized quartet score is: 0.647929234084922
(MELGA,(GALGA,(ANAPL,((STRCA,TINMA)1:3.680920178176018,(((PHORU,PODCR)1:2.284701996027388,(COLLI,(PTEGU,MESUN)1:0.40027228019626826)0.78:0.01756981269565649)1:0.04977453245924388,((TAUER,(CUCCA,CHLUN)0.82:0.020328682518934937)1:0.09227145251007333,(((CAPCA,(CHAPE,CALAN)1:1.9344337783042111)1:0.6514885749258615,((BALRE,CHAVO)0.99:0.03530277869999415,(OPHHO,((PHALE,EURHE)1:0.38134152062575194,(GAVST,((FULGL,(PYGAD,APTFO)1:4.600623556995823)1:0.25261828788587903,(PHACA,(NIPNI,(EGRGA,PELCR)1:0.06962203038563494)1:0.2899325671368917)1:0.4382816121895773)1:0.4971314002918492)1:0.4087856228546578)0.9:0.025113569758966645)0.38:0.002160330420073313)0.78:0.01660450382172119)0.33:0.0,((TYTAL,(CATAU,(HALLE,HALAL)1:6.579222605493327)1:0.39901263802709086)1:0.10658611139143741,((CARCR,(FALPE,((NESNO,MELUN)1:4.7609884163389395,(ACACH,(MANVI,(CORBR,(GEOFO,TAEGU)1:2.913998393678687)1:3.889999255265827)1:1.161771545672913)1:3.827796598660152)1:0.22635326650368745)1:0.24788778921938856)1:0.24392516281394916,(COLST,(LEPDI,((BUCRH,(MERNU,PICPU)1:0.20444228729750236)1:0.3285729526335855,APAVI)1:0.1092984252686378)1:0.27825686388140053)1:0.0475696621048083)1:0.05267656284971657)1:0.933633503157004)1:0.03782940181409541)0.98:0.036603322373213454)1:2.84699223445485)1:2.1755341608485472)1:2.4629281900508326));
Weight calculation took 18957.582084886 secs
ASTRAL finished in 19567.958 secs
