
================== ASTRAL ===================== 

This is ASTRAL version 5.5.11
Gene trees are treated as unrooted
2515 trees read from intron-nt-genetrees-0-contract.tre
All output trees will be *arbitrarily* rooted at ANAPL

======== Running the main analysis
Number of taxa: 48 (48 species)
Taxa: [ANAPL, GALGA, MELGA, OPHHO, TAUER, CHLUN, COLLI, FULGL, PYGAD, APTFO, GAVST, PELCR, EGRGA, NIPNI, CHAVO, CALAN, CHAPE, BALRE, CAPCA, CUCCA, PTEGU, MESUN, COLST, HALAL, HALLE, FALPE, MELUN, NESNO, TYTAL, CATAU, LEPDI, ACACH, MANVI, CORBR, TAEGU, GEOFO, PICPU, MERNU, APAVI, BUCRH, CARCR, PODCR, PHORU, PHALE, EURHE, TINMA, STRCA, PHACA]
Taxon occupancy: {FULGL=2393, ANAPL=2392, COLLI=2419, MESUN=2315, GALGA=2514, TAUER=2339, HALAL=2363, PHALE=2364, BUCRH=2314, TINMA=2255, MELUN=2375, PYGAD=2463, MELGA=2283, TYTAL=2365, PHORU=2359, COLST=2244, CALAN=2411, NESNO=2365, STRCA=2411, TAEGU=1963, PODCR=2310, GAVST=2369, MERNU=2296, APAVI=2314, NIPNI=2474, CAPCA=2334, FALPE=2463, CHAPE=2422, BALRE=2407, PELCR=2332, PTEGU=2344, CORBR=2423, CHAVO=2482, CATAU=2077, PICPU=2279, EGRGA=2460, EURHE=2301, CARCR=2362, PHACA=2377, OPHHO=2426, CHLUN=2366, LEPDI=2387, GEOFO=2413, MANVI=2399, APTFO=2477, ACACH=2285, CUCCA=2430, HALLE=2411}
Number of gene trees: 2515
2186 trees have missing taxa
Calculating quartet distance matrix (for completion of X)
Species tree distances calculated ...
Will attempt to complete bipartitions from X before adding using a distance matrix.
Building set of clusters (X) from gene trees 
------------------------------
gradient0: 71615
Number of Clusters after addition by distance: 71615
calculating extra bipartitions to be added at level 1 ...
Adding to X using resolutions of greedy consensus ...
Limit for sigma of degrees:1250
polytomy size limit : 28
discarded polytomies:  [3, 3, 5, 5, 6, 10, 12, 22, 28]
Threshold 0.0:
Threshold 0.01:
polytomy of size 5; rounds with additions with at least 5 support: 0; clusters: 71627
Threshold 0.02:
polytomy of size 6; rounds with additions with at least 5 support: 0; clusters: 71635
Threshold 0.05:
polytomy of size 3; rounds with additions with at least 5 support: 0; clusters: 71635
polytomy of size 10; rounds with additions with at least 5 support: 0; clusters: 71635
Threshold 0.1:
polytomy of size 5; rounds with additions with at least 5 support: 0; clusters: 71635
polytomy of size 12; rounds with additions with at least 5 support: 0; clusters: 71635
Threshold 0.2:
polytomy of size 22; rounds with additions with at least 5 support: 0; clusters: 71637
Threshold 0.3333333333333333:
polytomy of size 3; rounds with additions with at least 5 support: 0; clusters: 71637
polytomy of size 28; rounds with additions with at least 5 support: 0; clusters: 71637
max k is :0
Number of Clusters after addition by greedy: 71637
gradient0 in heuristiic: 71637
partitions formed in 39.12 secs
Dynamic Programming starting after 39.12 secs
Using tree-based weight calculation.
Using polytree-based weight calculation.
Polytree max score: 358805237
Polytree building time: 0.695 seconds.
Number of quartet trees in the gene trees: 358805237
Size of largest cluster: 48
Greedy score: 210065274
estimationFactor: 1.7080654511225877
Calculated 100000 weights; time (seconds): 708
Sub-optimal score: 215428279
Calculated 200000 weights; time (seconds): 640
Calculated 300000 weights; time (seconds): 625
Calculated 400000 weights; time (seconds): 656
Calculated 500000 weights; time (seconds): 662
Total Number of elements weighted: 598460
Normalized score (portion of input quartet trees satisfied before correcting for multiple individuals): 0.6260988715724904
Optimization score: 224647554
Optimal tree inferred in 3855.38 secs.
(PICPU,(MERNU,(BUCRH,(APAVI,(LEPDI,(COLST,((CARCR,(FALPE,((MELUN,NESNO),(ACACH,(MANVI,(CORBR,(TAEGU,GEOFO))))))),((TYTAL,(CATAU,(HALAL,HALLE))),(((TAUER,(CHLUN,CUCCA)),(((PODCR,PHORU),(COLLI,(PTEGU,MESUN))),((TINMA,STRCA),(ANAPL,(GALGA,MELGA))))),((CAPCA,(CALAN,CHAPE)),((OPHHO,(CHAVO,BALRE)),((PHALE,EURHE),(GAVST,((FULGL,(PYGAD,APTFO)),(PHACA,(NIPNI,(PELCR,EGRGA)))))))))))))))));
Final quartet score is: 224647554
Final normalized quartet score is: 0.6260988715724904
(ANAPL,((GALGA,MELGA)1:2.4053874264535255,((TINMA,STRCA)1:5.116900485074295,(((PODCR,PHORU)1:3.0272096869634115,(COLLI,(PTEGU,MESUN)1:0.43541842562168837)0.88:0.02603641110366008)0.99:0.04104635570610646,((TAUER,(CHLUN,CUCCA)0.8:0.022709838749357503)1:0.10024536379724189,(((CAPCA,(CALAN,CHAPE)1:2.6851012585943876)1:0.6763688385251245,((OPHHO,(CHAVO,BALRE)0.81:0.022188261898041173)0.46:0.006072756659555104,((PHALE,EURHE)1:0.38268837881052536,(GAVST,((FULGL,(PYGAD,APTFO)1:5.445202241753523)1:0.23105153183644667,(PHACA,(NIPNI,(PELCR,EGRGA)1:0.11711497743707207)1:0.35507360989113285)1:0.5912619804757127)1:0.5433474023812156)1:0.3706047708990995)0.97:0.034302516650403035)0.66:0.014640427643543792)0.46:0.00639721811988167,((TYTAL,(CATAU,(HALAL,HALLE)1:7.019495401603931)1:0.3956627883824748)0.99:0.0566870274098465,((CARCR,(FALPE,((MELUN,NESNO)1:5.49208786397995,(ACACH,(MANVI,(CORBR,(TAEGU,GEOFO)1:4.644746996674865)1:5.530571829544147)1:1.7188558121343953)1:5.254623624788818)1:0.23605969564136367)1:0.27283955176322305)1:0.2357083925887303,(COLST,(LEPDI,(APAVI,(BUCRH,(MERNU,PICPU)1:0.24414574908605724)1:0.41390562073869436)1:0.13416736484900246)1:0.3125218949780404)1:0.05209450344765123)1:0.06305283797353822)1:0.8457945003233776)0.97:0.03500448098043232)0.97:0.04263052027734094)1:2.99972876713712)1:2.819905658542024));
Weight calculation took 3737.896450789 secs
ASTRAL finished in 3859.569 secs
