
================== ASTRAL ===================== 

This is ASTRAL version 5.5.11
Gene trees are treated as unrooted
2515 trees read from intron-indel-genetrees.tre
All output trees will be *arbitrarily* rooted at MELGA

======== Running the main analysis
Number of taxa: 48 (48 species)
Taxa: [MELGA, ANAPL, NIPNI, EGRGA, TAUER, FULGL, CUCCA, CATAU, FALPE, ACACH, MANVI, CORBR, GEOFO, TAEGU, MERNU, PICPU, CARCR, TYTAL, LEPDI, COLST, APAVI, NESNO, MELUN, HALLE, HALAL, BUCRH, PHORU, PODCR, PHALE, EURHE, PTEGU, MESUN, PELCR, BALRE, CAPCA, CHAVO, COLLI, CHAPE, CALAN, OPHHO, GAVST, PYGAD, APTFO, CHLUN, STRCA, TINMA, GALGA, PHACA]
Taxon occupancy: {FULGL=2393, ANAPL=2392, COLLI=2419, MESUN=2315, TAUER=2339, HALAL=2363, PHALE=2364, GALGA=2514, BUCRH=2314, TINMA=2255, MELUN=2375, PYGAD=2463, MELGA=2283, TYTAL=2365, PHORU=2359, COLST=2244, CALAN=2411, NESNO=2365, STRCA=2411, TAEGU=1963, PODCR=2310, GAVST=2369, MERNU=2296, APAVI=2314, NIPNI=2474, CAPCA=2334, FALPE=2463, BALRE=2407, CHAPE=2422, PTEGU=2344, PELCR=2332, CORBR=2423, CATAU=2077, CHAVO=2482, PICPU=2279, EGRGA=2460, EURHE=2301, CARCR=2362, PHACA=2377, OPHHO=2426, CHLUN=2366, GEOFO=2413, LEPDI=2387, MANVI=2399, ACACH=2285, APTFO=2477, CUCCA=2430, HALLE=2411}
Number of gene trees: 2515
2186 trees have missing taxa
Calculating quartet distance matrix (for completion of X)
Species tree distances calculated ...
Will attempt to complete bipartitions from X before adding using a distance matrix.
Building set of clusters (X) from gene trees 
------------------------------
gradient0: 91467
Number of Clusters after addition by distance: 91467
calculating extra bipartitions to be added at level 1 ...
Adding to X using resolutions of greedy consensus ...
Limit for sigma of degrees:1250
polytomy size limit : 30
discarded polytomies: 34  [3, 4, 5, 8, 10, 18, 25, 30, 34]
Threshold 0.0:
polytomy of size 3; rounds with additions with at least 5 support: 0; clusters: 91473
Threshold 0.01:
polytomy of size 4; rounds with additions with at least 5 support: 0; clusters: 91473
polytomy of size 8; rounds with additions with at least 5 support: 7; clusters: 91579
Threshold 0.02:
polytomy of size 5; rounds with additions with at least 5 support: 0; clusters: 91581
polytomy of size 10; rounds with additions with at least 5 support: 1; clusters: 91721
Threshold 0.05:
polytomy of size 18; rounds with additions with at least 5 support: 0; clusters: 91729
Threshold 0.1:
polytomy of size 25; rounds with additions with at least 5 support: 0; clusters: 91737
Threshold 0.2:
polytomy of size 30; rounds with additions with at least 5 support: 0; clusters: 91745
Threshold 0.3333333333333333:
polytomy of size 34; rounds with additions with at least 5 support: 0; clusters: 91745
max k is :14
Number of Clusters after addition by greedy: 91745
gradient0 in heuristiic: 91745
partitions formed in 44.949 secs
Dynamic Programming starting after 44.949 secs
Using tree-based weight calculation.
Using polytree-based weight calculation.
Polytree max score: 382364191
Polytree building time: 0.421 seconds.
Number of quartet trees in the gene trees: 382364191
Size of largest cluster: 48
Greedy score: 170878583
estimationFactor: 2.237636714251077
Sub-optimal score: 192657244
Calculated 100000 weights; time (seconds): 454
Calculated 200000 weights; time (seconds): 420
Calculated 300000 weights; time (seconds): 424
Calculated 400000 weights; time (seconds): 440
Total Number of elements weighted: 485025
Normalized score (portion of input quartet trees satisfied before correcting for multiple individuals): 0.5287050768831018
Optimization score: 202157889
Optimal tree inferred in 2314.464 secs.
(APAVI,((BUCRH,(MERNU,PICPU)),(LEPDI,((COLST,(CARCR,(FALPE,((NESNO,MELUN),(ACACH,(MANVI,(CORBR,(GEOFO,TAEGU)))))))),((TYTAL,(CATAU,(HALLE,HALAL))),((CAPCA,(CHAPE,CALAN)),((((STRCA,TINMA),(ANAPL,(MELGA,GALGA))),((TAUER,(CUCCA,CHLUN)),((PHORU,PODCR),(COLLI,(PTEGU,MESUN))))),((BALRE,CHAVO),(OPHHO,((PHALE,EURHE),(GAVST,((FULGL,(PYGAD,APTFO)),(PHACA,(EGRGA,(NIPNI,PELCR)))))))))))))));
Final quartet score is: 202157889
Final normalized quartet score is: 0.5287050768831018
(MELGA,(GALGA,(ANAPL,((STRCA,TINMA)1:2.801916622244331,(((TAUER,(CUCCA,CHLUN)0.62:0.013462234549684406)0.87:0.02597052746734727,((PHORU,PODCR)1:1.050239904528478,(COLLI,(PTEGU,MESUN)1:0.18001082386040565)0.41:0.0035749280173777063)0.85:0.024145213820836647)0.48:0.012248578903641094,(((BALRE,CHAVO)0.85:0.02325310613907526,(OPHHO,((PHALE,EURHE)1:0.14705715307717218,(GAVST,((FULGL,(PYGAD,APTFO)1:2.666250686874718)1:0.1478381432808088,(PHACA,(EGRGA,(NIPNI,PELCR)0.92:0.03205746718980999)1:0.08886796640766924)1:0.08899779376487173)1:0.20982268833022857)1:0.22818931157183076)0.58:0.01141060875273872)0.59:0.011401376277315063)0.66:0.014736114035194153,((CAPCA,(CHAPE,CALAN)1:0.8857876308179163)1:0.24183911336054237,((TYTAL,(CATAU,(HALLE,HALAL)1:3.733119877694656)1:0.16728512093446432)1:0.0714368384187572,((COLST,(CARCR,(FALPE,((NESNO,MELUN)1:3.2975685673557336,(ACACH,(MANVI,(CORBR,(GEOFO,TAEGU)1:2.2696660719302164)1:3.1007234838486473)1:0.7650915622083554)1:2.444834071252701)1:0.09677636667376337)1:0.07476836613165805)1:0.06798351389957498)0.61:0.014134934004462394,(LEPDI,((BUCRH,(MERNU,PICPU)1:0.06893246759346253)1:0.07362968166591385,APAVI)0.96:0.03496629060700989)1:0.07942219988905543)0.98:0.03945706374567158)1:0.3893887239104991)0.54:0.009322278432764263)0.72:0.018121143191694496)1:1.6395876664969806)1:1.6231594078819387)1:2.400737705629993));
Weight calculation took 2196.928216061 secs
ASTRAL finished in 2317.437 secs
