
================== ASTRAL ===================== 

This is ASTRAL version 5.5.11
Gene trees are treated as unrooted
2515 trees read from intron-nt-genetrees-3-contract.tre
All output trees will be *arbitrarily* rooted at ANAPL

======== Running the main analysis
Number of taxa: 48 (48 species)
Taxa: [ANAPL, GALGA, MELGA, OPHHO, TAUER, CHLUN, COLLI, FULGL, PYGAD, APTFO, GAVST, PELCR, EGRGA, NIPNI, CHAVO, CALAN, CHAPE, BALRE, CAPCA, CUCCA, PTEGU, MESUN, COLST, HALAL, HALLE, FALPE, MELUN, NESNO, TYTAL, CATAU, LEPDI, ACACH, MANVI, CORBR, TAEGU, GEOFO, PICPU, MERNU, APAVI, BUCRH, CARCR, PODCR, PHORU, PHALE, EURHE, TINMA, STRCA, PHACA]
Taxon occupancy: {FULGL=2393, ANAPL=2392, COLLI=2419, MESUN=2315, GALGA=2514, TAUER=2339, HALAL=2363, PHALE=2364, BUCRH=2314, TINMA=2255, MELUN=2375, PYGAD=2463, MELGA=2283, TYTAL=2365, PHORU=2359, COLST=2244, CALAN=2411, NESNO=2365, STRCA=2411, TAEGU=1963, PODCR=2310, GAVST=2369, MERNU=2296, APAVI=2314, NIPNI=2474, CAPCA=2334, FALPE=2463, CHAPE=2422, BALRE=2407, PELCR=2332, PTEGU=2344, CORBR=2423, CHAVO=2482, CATAU=2077, PICPU=2279, EGRGA=2460, EURHE=2301, CARCR=2362, PHACA=2377, OPHHO=2426, CHLUN=2366, LEPDI=2387, GEOFO=2413, MANVI=2399, APTFO=2477, ACACH=2285, CUCCA=2430, HALLE=2411}
Number of gene trees: 2515
2186 trees have missing taxa
Calculating quartet distance matrix (for completion of X)
Species tree distances calculated ...
Will attempt to complete bipartitions from X before adding using a distance matrix.
Building set of clusters (X) from gene trees 
------------------------------
gradient0: 81695
Number of Clusters after addition by distance: 81695
calculating extra bipartitions to be added at level 1 ...
Adding to X using resolutions of greedy consensus ...
Limit for sigma of degrees:1250
polytomy size limit : 28
discarded polytomies:  [3, 3, 5, 5, 6, 10, 12, 22, 28]
Threshold 0.0:
Threshold 0.01:
polytomy of size 5; rounds with additions with at least 5 support: 0; clusters: 81705
Threshold 0.02:
polytomy of size 6; rounds with additions with at least 5 support: 0; clusters: 81711
Threshold 0.05:
polytomy of size 3; rounds with additions with at least 5 support: 0; clusters: 81711
polytomy of size 10; rounds with additions with at least 5 support: 0; clusters: 81711
Threshold 0.1:
polytomy of size 5; rounds with additions with at least 5 support: 0; clusters: 81711
polytomy of size 12; rounds with additions with at least 5 support: 0; clusters: 81711
Threshold 0.2:
polytomy of size 22; rounds with additions with at least 5 support: 0; clusters: 81711
Threshold 0.3333333333333333:
polytomy of size 3; rounds with additions with at least 5 support: 0; clusters: 81711
polytomy of size 28; rounds with additions with at least 5 support: 0; clusters: 81711
max k is :0
Number of Clusters after addition by greedy: 81711
gradient0 in heuristiic: 81711
partitions formed in 33.4 secs
Dynamic Programming starting after 33.401 secs
Using tree-based weight calculation.
Using polytree-based weight calculation.
Polytree max score: 310227981
Polytree building time: 0.719 seconds.
Number of quartet trees in the gene trees: 310227981
Size of largest cluster: 48
Greedy score: 184904520
estimationFactor: 1.6777739181281237
Calculated 100000 weights; time (seconds): 691
Sub-optimal score: 195421146
Calculated 200000 weights; time (seconds): 633
Calculated 300000 weights; time (seconds): 647
Calculated 400000 weights; time (seconds): 656
Calculated 500000 weights; time (seconds): 655
Calculated 600000 weights; time (seconds): 565
Calculated 700000 weights; time (seconds): 481
Total Number of elements weighted: 784445
Normalized score (portion of input quartet trees satisfied before correcting for multiple individuals): 0.6626724460421899
Optimization score: 205579535
Optimal tree inferred in 4728.339 secs.
(PICPU,(MERNU,(BUCRH,(APAVI,(LEPDI,(COLST,((CARCR,(FALPE,((MELUN,NESNO),(ACACH,(MANVI,(CORBR,(TAEGU,GEOFO))))))),((TYTAL,(CATAU,(HALAL,HALLE))),(((TAUER,(CHLUN,CUCCA)),(((PODCR,PHORU),(COLLI,(PTEGU,MESUN))),((TINMA,STRCA),(ANAPL,(GALGA,MELGA))))),((CAPCA,(CALAN,CHAPE)),((OPHHO,(CHAVO,BALRE)),((PHALE,EURHE),(GAVST,((FULGL,(PYGAD,APTFO)),(PHACA,(NIPNI,(PELCR,EGRGA)))))))))))))))));
Final quartet score is: 205579535
Final normalized quartet score is: 0.6626724460421899
(ANAPL,((GALGA,MELGA)1:2.4183169669636504,((TINMA,STRCA)1:5.163228222085025,(((PODCR,PHORU)1:3.543656749594668,(COLLI,(PTEGU,MESUN)1:0.49528786683011666)0.86:0.026897505345630086)0.99:0.04535373664026506,((TAUER,(CHLUN,CUCCA)0.88:0.029741501599591814)1:0.11250869181637368,(((CAPCA,(CALAN,CHAPE)1:2.96509462376253)1:0.8238225501784311,((OPHHO,(CHAVO,BALRE)0.88:0.028473100970249698)0.55:0.01102663530011097,((PHALE,EURHE)1:0.46374325392189225,(GAVST,((FULGL,(PYGAD,APTFO)1:5.8201656757276625)1:0.2636452456339644,(PHACA,(NIPNI,(PELCR,EGRGA)1:0.12447295077333821)1:0.39385744293042485)1:0.7053126825999129)1:0.6444038424325278)1:0.4257225155476228)0.98:0.040118479150491784)0.52:0.01000173079410477)0.52:0.009309383126701466,((TYTAL,(CATAU,(HALAL,HALLE)1:7.019495401603931)1:0.49859153485843655)1:0.08538040198117709,((CARCR,(FALPE,((MELUN,NESNO)1:5.729192536781563,(ACACH,(MANVI,(CORBR,(TAEGU,GEOFO)1:4.644746996674865)1:5.530571829544147)1:1.7206124633247961)1:5.648890897993695)1:0.2797145999886143)1:0.34749749081248044)1:0.3149652650687721,(COLST,(LEPDI,(APAVI,(BUCRH,(MERNU,PICPU)1:0.2732539907437362)1:0.49327873924758797)1:0.15076285261771202)1:0.39247803683004795)1:0.0717993563805196)0.98:0.05845263318078953)1:1.0862211684922705)0.98:0.041079800642726594)0.98:0.04721718986937922)1:3.3184046526259077)1:2.8588335392709645));
Weight calculation took 4594.077422051 secs
ASTRAL finished in 4732.246 secs
