
================== ASTRAL ===================== 

This is ASTRAL version 5.5.11
Gene trees are treated as unrooted
2515 trees read from intron-indel-genetrees-10-contract.tre
All output trees will be *arbitrarily* rooted at MELGA

======== Running the main analysis
Number of taxa: 48 (48 species)
Taxa: [MELGA, ANAPL, NIPNI, EGRGA, TAUER, FULGL, CUCCA, CATAU, FALPE, ACACH, MANVI, CORBR, GEOFO, TAEGU, MERNU, PICPU, CARCR, TYTAL, LEPDI, COLST, APAVI, NESNO, MELUN, HALLE, HALAL, BUCRH, PHORU, PODCR, PHALE, EURHE, PTEGU, MESUN, PELCR, BALRE, CAPCA, CHAVO, COLLI, CHAPE, CALAN, OPHHO, GAVST, PYGAD, APTFO, CHLUN, STRCA, TINMA, GALGA, PHACA]
Taxon occupancy: {FULGL=2393, ANAPL=2392, COLLI=2419, MESUN=2315, TAUER=2339, HALAL=2363, PHALE=2364, GALGA=2514, BUCRH=2314, TINMA=2255, MELUN=2375, PYGAD=2463, MELGA=2283, TYTAL=2365, PHORU=2359, COLST=2244, CALAN=2411, NESNO=2365, STRCA=2411, TAEGU=1963, PODCR=2310, GAVST=2369, MERNU=2296, APAVI=2314, NIPNI=2474, CAPCA=2334, FALPE=2463, BALRE=2407, CHAPE=2422, PTEGU=2344, PELCR=2332, CORBR=2423, CATAU=2077, CHAVO=2482, PICPU=2279, EGRGA=2460, EURHE=2301, CARCR=2362, PHACA=2377, OPHHO=2426, CHLUN=2366, GEOFO=2413, LEPDI=2387, MANVI=2399, ACACH=2285, APTFO=2477, CUCCA=2430, HALLE=2411}
Number of gene trees: 2515
2186 trees have missing taxa
Calculating quartet distance matrix (for completion of X)
Species tree distances calculated ...
Will attempt to complete bipartitions from X before adding using a distance matrix.
Building set of clusters (X) from gene trees 
------------------------------
gradient0: 117087
Number of Clusters after addition by distance: 117087
calculating extra bipartitions to be added at level 1 ...
Adding to X using resolutions of greedy consensus ...
Limit for sigma of degrees:1250
polytomy size limit : 32
discarded polytomies: 34  [3, 4, 5, 8, 10, 18, 25, 32, 34]
Threshold 0.0:
polytomy of size 3; rounds with additions with at least 5 support: 1; clusters: 117093
Threshold 0.01:
polytomy of size 4; rounds with additions with at least 5 support: 0; clusters: 117093
polytomy of size 8; rounds with additions with at least 5 support: 0; clusters: 117157
Threshold 0.02:
polytomy of size 5; rounds with additions with at least 5 support: 0; clusters: 117159
polytomy of size 10; rounds with additions with at least 5 support: 0; clusters: 117279
Threshold 0.05:
polytomy of size 18; rounds with additions with at least 5 support: 0; clusters: 117281
Threshold 0.1:
polytomy of size 25; rounds with additions with at least 5 support: 0; clusters: 117285
Threshold 0.2:
polytomy of size 32; rounds with additions with at least 5 support: 0; clusters: 117287
Threshold 0.3333333333333333:
polytomy of size 34; rounds with additions with at least 5 support: 0; clusters: 117287
max k is :2
Number of Clusters after addition by greedy: 117287
gradient0 in heuristiic: 117287
partitions formed in 27.382 secs
Dynamic Programming starting after 27.382 secs
Using tree-based weight calculation.
Using polytree-based weight calculation.
Polytree max score: 207467785
Polytree building time: 0.328 seconds.
Number of quartet trees in the gene trees: 207467785
Size of largest cluster: 48
Greedy score: 121579617
estimationFactor: 1.7064355861558602
Calculated 100000 weights; time (seconds): 640
Sub-optimal score: 128420332
Calculated 200000 weights; time (seconds): 622
Calculated 300000 weights; time (seconds): 624
Calculated 400000 weights; time (seconds): 619
Calculated 500000 weights; time (seconds): 644
Calculated 600000 weights; time (seconds): 586
Calculated 700000 weights; time (seconds): 474
Calculated 800000 weights; time (seconds): 461
Calculated 900000 weights; time (seconds): 437
Total Number of elements weighted: 997340
Normalized score (portion of input quartet trees satisfied before correcting for multiple individuals): 0.6494644023890264
Optimization score: 134742941
Optimal tree inferred in 5478.297 secs.
(APAVI,((BUCRH,(MERNU,PICPU)),(LEPDI,((COLST,(CARCR,(FALPE,((NESNO,MELUN),(ACACH,(MANVI,(CORBR,(GEOFO,TAEGU)))))))),((TYTAL,(CATAU,(HALLE,HALAL))),(((BALRE,CHAVO),(OPHHO,((PHALE,EURHE),(GAVST,((FULGL,(PYGAD,APTFO)),(PHACA,(EGRGA,(NIPNI,PELCR)))))))),((CAPCA,(CHAPE,CALAN)),((CUCCA,(TAUER,CHLUN)),(((PHORU,PODCR),(COLLI,(PTEGU,MESUN))),((STRCA,TINMA),(ANAPL,(MELGA,GALGA))))))))))));
Final quartet score is: 134742941
Final normalized quartet score is: 0.6494644023890264
(MELGA,(GALGA,(ANAPL,((STRCA,TINMA)1:3.1449994913171357,(((PHORU,PODCR)1:1.8758662063780582,(COLLI,(PTEGU,MESUN)1:0.31340088554930307)0.54:0.013019097436326142)0.99:0.059488240050024066,((CUCCA,(TAUER,CHLUN)0.48:0.013008176566210141)1:0.07130836420485065,((CAPCA,(CHAPE,CALAN)1:1.5445444671687807)1:0.4974491378752615,(((BALRE,CHAVO)0.66:0.022944480124288184,(OPHHO,((PHALE,EURHE)1:0.3009908991225542,(GAVST,((FULGL,(PYGAD,APTFO)1:4.15763995308275)1:0.26319023178405,(PHACA,(EGRGA,(NIPNI,PELCR)0.99:0.06144729104090436)1:0.1616582796587375)1:0.18546895395710658)1:0.35842842087604676)1:0.3942474044753557)0.63:0.02064390335200774)0.46:0.008418583929497302)0.48:0.010979409680067347,((TYTAL,(CATAU,(HALLE,HALAL)1:6.097177283562671)1:0.30310299625939113)1:0.13993108088071632,((COLST,(CARCR,(FALPE,((NESNO,MELUN)1:4.491762742978123,(ACACH,(MANVI,(CORBR,(GEOFO,TAEGU)1:2.3058600980911224)1:3.386315744851485)1:0.8018827739566089)1:3.5088827067450143)1:0.1606364706115435)1:0.11947449116683471)1:0.1438654256350671)0.49:0.0168038027757728,(LEPDI,((BUCRH,(MERNU,PICPU)1:0.11436010770644094)1:0.14564988000623882,APAVI)0.96:0.05335413430586501)1:0.17365677256688986)0.89:0.04453200671394312)1:0.8146573953416968)0.38:0.0030210397959191775)0.63:0.017981190125036375)0.7:0.0274560050299572)1:2.721935675175072)1:1.817600732118307)1:2.5175711264439666));
Weight calculation took 5292.629298664 secs
ASTRAL finished in 5481.047 secs
