
================== ASTRAL ===================== 

This is ASTRAL version 5.5.11
Gene trees are treated as unrooted
2515 trees read from intron-indel-genetrees-0-contract.tre
All output trees will be *arbitrarily* rooted at MELGA

======== Running the main analysis
Number of taxa: 48 (48 species)
Taxa: [MELGA, ANAPL, NIPNI, EGRGA, TAUER, FULGL, CUCCA, CATAU, FALPE, ACACH, MANVI, CORBR, GEOFO, TAEGU, MERNU, PICPU, CARCR, TYTAL, LEPDI, COLST, APAVI, NESNO, MELUN, HALLE, HALAL, BUCRH, PHORU, PODCR, PHALE, EURHE, PTEGU, MESUN, PELCR, BALRE, CAPCA, CHAVO, COLLI, CHAPE, CALAN, OPHHO, GAVST, PYGAD, APTFO, CHLUN, STRCA, TINMA, GALGA, PHACA]
Taxon occupancy: {FULGL=2393, ANAPL=2392, COLLI=2419, MESUN=2315, TAUER=2339, HALAL=2363, PHALE=2364, GALGA=2514, BUCRH=2314, TINMA=2255, MELUN=2375, PYGAD=2463, MELGA=2283, TYTAL=2365, PHORU=2359, COLST=2244, CALAN=2411, NESNO=2365, STRCA=2411, TAEGU=1963, PODCR=2310, GAVST=2369, MERNU=2296, APAVI=2314, NIPNI=2474, CAPCA=2334, FALPE=2463, BALRE=2407, CHAPE=2422, PTEGU=2344, PELCR=2332, CORBR=2423, CATAU=2077, CHAVO=2482, PICPU=2279, EGRGA=2460, EURHE=2301, CARCR=2362, PHACA=2377, OPHHO=2426, CHLUN=2366, GEOFO=2413, LEPDI=2387, MANVI=2399, ACACH=2285, APTFO=2477, CUCCA=2430, HALLE=2411}
Number of gene trees: 2515
2186 trees have missing taxa
Calculating quartet distance matrix (for completion of X)
Species tree distances calculated ...
Will attempt to complete bipartitions from X before adding using a distance matrix.
Building set of clusters (X) from gene trees 
------------------------------
gradient0: 106949
Number of Clusters after addition by distance: 106949
calculating extra bipartitions to be added at level 1 ...
Adding to X using resolutions of greedy consensus ...
Limit for sigma of degrees:1250
polytomy size limit : 31
discarded polytomies: 34  [4, 5, 8, 9, 18, 25, 31, 34]
Threshold 0.0:
Threshold 0.01:
polytomy of size 4; rounds with additions with at least 5 support: 0; clusters: 106949
polytomy of size 8; rounds with additions with at least 5 support: 4; clusters: 107045
Threshold 0.02:
polytomy of size 5; rounds with additions with at least 5 support: 0; clusters: 107047
polytomy of size 9; rounds with additions with at least 5 support: 0; clusters: 107127
Threshold 0.05:
polytomy of size 18; rounds with additions with at least 5 support: 0; clusters: 107139
Threshold 0.1:
polytomy of size 25; rounds with additions with at least 5 support: 0; clusters: 107143
Threshold 0.2:
polytomy of size 31; rounds with additions with at least 5 support: 0; clusters: 107149
Threshold 0.3333333333333333:
polytomy of size 34; rounds with additions with at least 5 support: 0; clusters: 107149
max k is :8
Number of Clusters after addition by greedy: 107149
gradient0 in heuristiic: 107149
partitions formed in 43.643 secs
Dynamic Programming starting after 43.643 secs
Using tree-based weight calculation.
Using polytree-based weight calculation.
Polytree max score: 336199993
Polytree building time: 0.41 seconds.
Number of quartet trees in the gene trees: 336199993
Size of largest cluster: 48
Greedy score: 169506208
estimationFactor: 1.9834081416062355
Sub-optimal score: 174191954
Calculated 100000 weights; time (seconds): 699
Calculated 200000 weights; time (seconds): 638
Calculated 300000 weights; time (seconds): 654
Calculated 400000 weights; time (seconds): 669
Calculated 500000 weights; time (seconds): 698
Total Number of elements weighted: 576280
Normalized score (portion of input quartet trees satisfied before correcting for multiple individuals): 0.5547356004852743
Optimization score: 186502105
Optimal tree inferred in 3815.357 secs.
(APAVI,((BUCRH,(MERNU,PICPU)),(LEPDI,((COLST,(CARCR,(FALPE,((NESNO,MELUN),(ACACH,(MANVI,(CORBR,(GEOFO,TAEGU)))))))),((TYTAL,(CATAU,(HALLE,HALAL))),((CAPCA,(CHAPE,CALAN)),(((TAUER,(CUCCA,CHLUN)),(((PHORU,PODCR),(COLLI,(PTEGU,MESUN))),((STRCA,TINMA),(ANAPL,(MELGA,GALGA))))),((BALRE,CHAVO),(OPHHO,((PHALE,EURHE),(GAVST,((FULGL,(PYGAD,APTFO)),(PHACA,(EGRGA,(NIPNI,PELCR)))))))))))))));
Final quartet score is: 186502105
Final normalized quartet score is: 0.5547356004852743
(MELGA,(GALGA,(ANAPL,((STRCA,TINMA)1:2.9258564890304126,(((PHORU,PODCR)1:1.239968551117102,(COLLI,(PTEGU,MESUN)1:0.20814256573347892)0.45:0.006531304310513944)0.98:0.03967429613173396,((TAUER,(CUCCA,CHLUN)0.48:0.008887954600925894)0.98:0.04265663865945156,(((BALRE,CHAVO)0.83:0.02364958389504409,(OPHHO,((PHALE,EURHE)1:0.17935410264770002,(GAVST,((FULGL,(PYGAD,APTFO)1:3.2817293786880417)1:0.16729907594988153,(PHACA,(EGRGA,(NIPNI,PELCR)0.95:0.03861804969973163)1:0.1008878132030593)1:0.10401439766388933)1:0.24782395226242648)1:0.2642883479260653)0.6:0.012829083942515028)0.56:0.010894578357325508)0.69:0.01661695236461063,((CAPCA,(CHAPE,CALAN)1:1.0206825735962264)1:0.28560921345308654,((TYTAL,(CATAU,(HALLE,HALAL)1:4.803926684979053)1:0.19046563067589775)1:0.08286132226996368,((COLST,(CARCR,(FALPE,((NESNO,MELUN)1:3.640905579235584,(ACACH,(MANVI,(CORBR,(GEOFO,TAEGU)1:2.276859296572883)1:3.186643366894422)1:0.7796819581456897)1:2.728082813659882)1:0.10816889254310064)1:0.08068206903804209)1:0.08328958769839655)0.53:0.012078245864524358,(LEPDI,((BUCRH,(MERNU,PICPU)1:0.07006936992140443)1:0.08104979383290117,APAVI)0.96:0.03714280955625223)1:0.09160549220499885)0.98:0.04314548121841065)1:0.4730663792218417)0.55:0.010207759783866425)0.63:0.013846772034417533)0.49:0.014780784099412527)1:1.8970296316649913)1:1.6856917640711166)1:2.459364383221775));
Weight calculation took 3653.857423477 secs
ASTRAL finished in 3818.916 secs
