
================== ASTRAL ===================== 

This is ASTRAL version 5.5.11
Gene trees are treated as unrooted
2515 trees read from intron-nt-genetrees-5-contract.tre
All output trees will be *arbitrarily* rooted at ANAPL

======== Running the main analysis
Number of taxa: 48 (48 species)
Taxa: [ANAPL, GALGA, MELGA, OPHHO, TAUER, CHLUN, COLLI, FULGL, PYGAD, APTFO, GAVST, PELCR, EGRGA, NIPNI, CHAVO, CALAN, CHAPE, BALRE, CAPCA, CUCCA, PTEGU, MESUN, COLST, HALAL, HALLE, FALPE, MELUN, NESNO, TYTAL, CATAU, LEPDI, ACACH, MANVI, CORBR, TAEGU, GEOFO, PICPU, MERNU, APAVI, BUCRH, CARCR, PODCR, PHORU, PHALE, EURHE, TINMA, STRCA, PHACA]
Taxon occupancy: {FULGL=2393, ANAPL=2392, COLLI=2419, MESUN=2315, GALGA=2514, TAUER=2339, HALAL=2363, PHALE=2364, BUCRH=2314, TINMA=2255, MELUN=2375, PYGAD=2463, MELGA=2283, TYTAL=2365, PHORU=2359, COLST=2244, CALAN=2411, NESNO=2365, STRCA=2411, TAEGU=1963, PODCR=2310, GAVST=2369, MERNU=2296, APAVI=2314, NIPNI=2474, CAPCA=2334, FALPE=2463, CHAPE=2422, BALRE=2407, PELCR=2332, PTEGU=2344, CORBR=2423, CHAVO=2482, CATAU=2077, PICPU=2279, EGRGA=2460, EURHE=2301, CARCR=2362, PHACA=2377, OPHHO=2426, CHLUN=2366, LEPDI=2387, GEOFO=2413, MANVI=2399, APTFO=2477, ACACH=2285, CUCCA=2430, HALLE=2411}
Number of gene trees: 2515
2186 trees have missing taxa
Calculating quartet distance matrix (for completion of X)
Species tree distances calculated ...
Will attempt to complete bipartitions from X before adding using a distance matrix.
Building set of clusters (X) from gene trees 
------------------------------
gradient0: 81999
Number of Clusters after addition by distance: 81999
calculating extra bipartitions to be added at level 1 ...
Adding to X using resolutions of greedy consensus ...
Limit for sigma of degrees:1250
polytomy size limit : 29
discarded polytomies:  [3, 4, 5, 5, 6, 10, 12, 22, 29]
Threshold 0.0:
Threshold 0.01:
polytomy of size 5; rounds with additions with at least 5 support: 1; clusters: 82011
Threshold 0.02:
polytomy of size 6; rounds with additions with at least 5 support: 0; clusters: 82013
Threshold 0.05:
polytomy of size 3; rounds with additions with at least 5 support: 0; clusters: 82013
polytomy of size 10; rounds with additions with at least 5 support: 0; clusters: 82013
Threshold 0.1:
polytomy of size 5; rounds with additions with at least 5 support: 0; clusters: 82013
polytomy of size 12; rounds with additions with at least 5 support: 0; clusters: 82013
Threshold 0.2:
polytomy of size 22; rounds with additions with at least 5 support: 0; clusters: 82013
Threshold 0.3333333333333333:
polytomy of size 4; rounds with additions with at least 5 support: 0; clusters: 82013
polytomy of size 29; rounds with additions with at least 5 support: 0; clusters: 82013
max k is :2
Number of Clusters after addition by greedy: 82013
gradient0 in heuristiic: 82013
partitions formed in 33.785 secs
Dynamic Programming starting after 33.785 secs
Using tree-based weight calculation.
Using polytree-based weight calculation.
Polytree max score: 293851474
Polytree building time: 0.919 seconds.
Number of quartet trees in the gene trees: 293851474
Size of largest cluster: 48
Greedy score: 186127098
estimationFactor: 1.5787678267030198
Calculated 100000 weights; time (seconds): 682
Calculated 200000 weights; time (seconds): 648
Sub-optimal score: 192653336
Calculated 300000 weights; time (seconds): 646
Calculated 400000 weights; time (seconds): 620
Calculated 500000 weights; time (seconds): 653
Calculated 600000 weights; time (seconds): 567
Calculated 700000 weights; time (seconds): 479
Calculated 800000 weights; time (seconds): 468
Total Number of elements weighted: 855978
Normalized score (portion of input quartet trees satisfied before correcting for multiple individuals): 0.6751870130146088
Optimization score: 198404699
Optimal tree inferred in 5010.808 secs.
(PICPU,(MERNU,(BUCRH,(APAVI,(LEPDI,(COLST,((CARCR,(FALPE,((MELUN,NESNO),(ACACH,(MANVI,(CORBR,(TAEGU,GEOFO))))))),((TYTAL,(CATAU,(HALAL,HALLE))),(((TAUER,(CHLUN,CUCCA)),(((PODCR,PHORU),(COLLI,(PTEGU,MESUN))),((TINMA,STRCA),(ANAPL,(GALGA,MELGA))))),((CAPCA,(CALAN,CHAPE)),((OPHHO,(CHAVO,BALRE)),((PHALE,EURHE),(GAVST,((FULGL,(PYGAD,APTFO)),(PHACA,(NIPNI,(PELCR,EGRGA)))))))))))))))));
Final quartet score is: 198404699
Final normalized quartet score is: 0.6751870130146088
(ANAPL,((GALGA,MELGA)1:2.4191186815003367,((TINMA,STRCA)1:5.239283502891824,(((PODCR,PHORU)1:3.6666707653762782,(COLLI,(PTEGU,MESUN)1:0.5185339454770602)0.8:0.023788988226427492)1:0.048899219972069766,((TAUER,(CHLUN,CUCCA)0.84:0.027657607401335754)1:0.11734465727986698,(((CAPCA,(CALAN,CHAPE)1:3.0780322259727635)1:0.8809336663711855,((OPHHO,(CHAVO,BALRE)0.94:0.03545472406173376)0.46:0.006718367244170793,((PHALE,EURHE)1:0.4973932058842058,(GAVST,((FULGL,(PYGAD,APTFO)1:5.956808508733727)1:0.2815108174198866,(PHACA,(NIPNI,(PELCR,EGRGA)1:0.12692441509173769)1:0.41302968208097024)1:0.7504878184344552)1:0.6755273789343225)1:0.45046009749188126)0.98:0.04104252315861108)0.54:0.011124227851563705)0.47:0.0071367514770286165,((TYTAL,(CATAU,(HALAL,HALLE)1:7.019495401603931)1:0.5407270575678368)1:0.09812363251445896,((CARCR,(FALPE,((MELUN,NESNO)1:5.76238892354356,(ACACH,(MANVI,(CORBR,(TAEGU,GEOFO)1:4.644746996674865)1:5.530571829544147)1:1.720600303990524)1:5.716062424915499)1:0.3083957166035905)1:0.37015015232518456)1:0.3599667508541498,(COLST,(LEPDI,(APAVI,(BUCRH,(MERNU,PICPU)1:0.2977657375633214)1:0.5304066044092203)1:0.16119736416386377)1:0.43423579999916156)1:0.0794151147553489)0.89:0.05312962328589289)1:1.1745109992714544)0.99:0.04571308639865702)0.98:0.04806099605214815)1:3.4199136882773917)1:2.8727046135046184));
Weight calculation took 4870.536568001 secs
ASTRAL finished in 5015.068 secs
