
================== ASTRAL ===================== 

This is ASTRAL version 5.5.11
Gene trees are treated as unrooted
2515 trees read from intron-indel-genetrees-3-contract.tre
All output trees will be *arbitrarily* rooted at MELGA

======== Running the main analysis
Number of taxa: 48 (48 species)
Taxa: [MELGA, ANAPL, NIPNI, EGRGA, TAUER, FULGL, CUCCA, CATAU, FALPE, ACACH, MANVI, CORBR, GEOFO, TAEGU, MERNU, PICPU, CARCR, TYTAL, LEPDI, COLST, APAVI, NESNO, MELUN, HALLE, HALAL, BUCRH, PHORU, PODCR, PHALE, EURHE, PTEGU, MESUN, PELCR, BALRE, CAPCA, CHAVO, COLLI, CHAPE, CALAN, OPHHO, GAVST, PYGAD, APTFO, CHLUN, STRCA, TINMA, GALGA, PHACA]
Taxon occupancy: {FULGL=2393, ANAPL=2392, COLLI=2419, MESUN=2315, TAUER=2339, HALAL=2363, PHALE=2364, GALGA=2514, BUCRH=2314, TINMA=2255, MELUN=2375, PYGAD=2463, MELGA=2283, TYTAL=2365, PHORU=2359, COLST=2244, CALAN=2411, NESNO=2365, STRCA=2411, TAEGU=1963, PODCR=2310, GAVST=2369, MERNU=2296, APAVI=2314, NIPNI=2474, CAPCA=2334, FALPE=2463, BALRE=2407, CHAPE=2422, PTEGU=2344, PELCR=2332, CORBR=2423, CATAU=2077, CHAVO=2482, PICPU=2279, EGRGA=2460, EURHE=2301, CARCR=2362, PHACA=2377, OPHHO=2426, CHLUN=2366, GEOFO=2413, LEPDI=2387, MANVI=2399, ACACH=2285, APTFO=2477, CUCCA=2430, HALLE=2411}
Number of gene trees: 2515
2186 trees have missing taxa
Calculating quartet distance matrix (for completion of X)
Species tree distances calculated ...
Will attempt to complete bipartitions from X before adding using a distance matrix.
Building set of clusters (X) from gene trees 
------------------------------
gradient0: 121071
Number of Clusters after addition by distance: 121071
calculating extra bipartitions to be added at level 1 ...
Adding to X using resolutions of greedy consensus ...
Limit for sigma of degrees:1250
polytomy size limit : 32
discarded polytomies: 34  [4, 5, 7, 9, 18, 25, 32, 34]
Threshold 0.0:
Threshold 0.01:
polytomy of size 4; rounds with additions with at least 5 support: 0; clusters: 121071
polytomy of size 7; rounds with additions with at least 5 support: 1; clusters: 121107
Threshold 0.02:
polytomy of size 5; rounds with additions with at least 5 support: 0; clusters: 121107
polytomy of size 9; rounds with additions with at least 5 support: 1; clusters: 121207
Threshold 0.05:
polytomy of size 18; rounds with additions with at least 5 support: 0; clusters: 121217
Threshold 0.1:
polytomy of size 25; rounds with additions with at least 5 support: 0; clusters: 121221
Threshold 0.2:
polytomy of size 32; rounds with additions with at least 5 support: 0; clusters: 121223
Threshold 0.3333333333333333:
polytomy of size 34; rounds with additions with at least 5 support: 0; clusters: 121223
max k is :2
Number of Clusters after addition by greedy: 121223
gradient0 in heuristiic: 121223
partitions formed in 35.837 secs
Dynamic Programming starting after 35.837 secs
Using tree-based weight calculation.
Using polytree-based weight calculation.
Polytree max score: 269930999
Polytree building time: 0.364 seconds.
Number of quartet trees in the gene trees: 269930999
Size of largest cluster: 48
Greedy score: 150004403
estimationFactor: 1.799487172386533
Calculated 100000 weights; time (seconds): 698
Sub-optimal score: 154851970
Calculated 200000 weights; time (seconds): 655
Calculated 300000 weights; time (seconds): 672
Calculated 400000 weights; time (seconds): 663
Calculated 500000 weights; time (seconds): 685
Calculated 600000 weights; time (seconds): 576
Calculated 700000 weights; time (seconds): 495
Calculated 800000 weights; time (seconds): 477
Total Number of elements weighted: 800078
Normalized score (portion of input quartet trees satisfied before correcting for multiple individuals): 0.5985132481949581
Optimization score: 161557279
Optimal tree inferred in 4925.375 secs.
(APAVI,((BUCRH,(MERNU,PICPU)),(LEPDI,(COLST,((CARCR,(FALPE,((NESNO,MELUN),(ACACH,(MANVI,(CORBR,(GEOFO,TAEGU))))))),((TYTAL,(CATAU,(HALLE,HALAL))),((CAPCA,(CHAPE,CALAN)),(((TAUER,(CUCCA,CHLUN)),(((PHORU,PODCR),(COLLI,(PTEGU,MESUN))),((STRCA,TINMA),(ANAPL,(MELGA,GALGA))))),((BALRE,CHAVO),(OPHHO,((PHALE,EURHE),(GAVST,((FULGL,(PYGAD,APTFO)),(PHACA,(EGRGA,(NIPNI,PELCR))))))))))))))));
Final quartet score is: 161557279
Final normalized quartet score is: 0.5985132481949581
(MELGA,(GALGA,(ANAPL,((STRCA,TINMA)1:3.0376837150746647,(((PHORU,PODCR)1:1.5244927286635255,(COLLI,(PTEGU,MESUN)1:0.24616096892331182)0.42:0.006404367385284675)0.99:0.04936073953852022,((TAUER,(CUCCA,CHLUN)0.45:0.010229264234997655)1:0.0585870424418439,(((BALRE,CHAVO)0.77:0.02402321824540294,(OPHHO,((PHALE,EURHE)1:0.23161858276216526,(GAVST,((FULGL,(PYGAD,APTFO)1:3.857601472013588)1:0.19838439523500484,(PHACA,(EGRGA,(NIPNI,PELCR)0.98:0.04559195159142726)1:0.11988337060401724)1:0.13996665893836333)1:0.291875068644338)1:0.3385945604067151)0.66:0.01793977659221565)0.58:0.013102538114044965)0.57:0.014009773898519366,((CAPCA,(CHAPE,CALAN)1:1.2256680699443376)1:0.3744072571535548,((TYTAL,(CATAU,(HALLE,HALAL)1:5.549265406837658)1:0.23426578565683376)1:0.10779913790672253,((CARCR,(FALPE,((NESNO,MELUN)1:4.098375622162194,(ACACH,(MANVI,(CORBR,(GEOFO,TAEGU)1:2.2762343532209326)1:3.2408910901537262)1:0.7898192186887417)1:3.0459174788617465)1:0.11959433375034291)1:0.11274832221892822)1:0.11704340696362019,(COLST,(LEPDI,((BUCRH,(MERNU,PICPU)1:0.09190582558263938)1:0.10799457618232393,APAVI)0.95:0.04085047026530261)1:0.11085807045797855)0.49:0.012072058775388948)0.97:0.045548986955227966)1:0.6282430680058648)0.46:0.007715888603228842)0.75:0.021670544953452407)0.55:0.01892040613820287)1:2.292352482005476)1:1.7423655352145149)1:2.4762874929303047));
Weight calculation took 4735.77815195 secs
ASTRAL finished in 4928.537 secs
