
================== ASTRAL ===================== 

This is ASTRAL version 5.5.11
Gene trees are treated as unrooted
2515 trees read from intron-nt-genetrees.tre
All output trees will be *arbitrarily* rooted at ANAPL

======== Running the main analysis
Number of taxa: 48 (48 species)
Taxa: [ANAPL, GALGA, MELGA, OPHHO, TAUER, CHLUN, COLLI, FULGL, PYGAD, APTFO, GAVST, PELCR, EGRGA, NIPNI, CHAVO, CALAN, CHAPE, BALRE, CAPCA, CUCCA, PTEGU, MESUN, COLST, HALAL, HALLE, FALPE, MELUN, NESNO, TYTAL, CATAU, LEPDI, ACACH, MANVI, CORBR, TAEGU, GEOFO, PICPU, MERNU, APAVI, BUCRH, CARCR, PODCR, PHORU, PHALE, EURHE, TINMA, STRCA, PHACA]
Taxon occupancy: {FULGL=2393, ANAPL=2392, COLLI=2419, MESUN=2315, GALGA=2514, TAUER=2339, HALAL=2363, PHALE=2364, BUCRH=2314, TINMA=2255, MELUN=2375, PYGAD=2463, MELGA=2283, TYTAL=2365, PHORU=2359, COLST=2244, CALAN=2411, NESNO=2365, STRCA=2411, TAEGU=1963, PODCR=2310, GAVST=2369, MERNU=2296, APAVI=2314, NIPNI=2474, CAPCA=2334, FALPE=2463, CHAPE=2422, BALRE=2407, PELCR=2332, PTEGU=2344, CORBR=2423, CHAVO=2482, CATAU=2077, PICPU=2279, EGRGA=2460, EURHE=2301, CARCR=2362, PHACA=2377, OPHHO=2426, CHLUN=2366, LEPDI=2387, GEOFO=2413, MANVI=2399, APTFO=2477, ACACH=2285, CUCCA=2430, HALLE=2411}
Number of gene trees: 2515
2186 trees have missing taxa
Calculating quartet distance matrix (for completion of X)
Species tree distances calculated ...
Will attempt to complete bipartitions from X before adding using a distance matrix.
Building set of clusters (X) from gene trees 
------------------------------
gradient0: 63407
Number of Clusters after addition by distance: 63407
calculating extra bipartitions to be added at level 1 ...
Adding to X using resolutions of greedy consensus ...
Limit for sigma of degrees:1250
polytomy size limit : 28
discarded polytomies:  [3, 3, 5, 5, 7, 9, 12, 22, 28]
Threshold 0.0:
Threshold 0.01:
polytomy of size 5; rounds with additions with at least 5 support: 0; clusters: 63415
Threshold 0.02:
polytomy of size 7; rounds with additions with at least 5 support: 2; clusters: 63443
Threshold 0.05:
polytomy of size 3; rounds with additions with at least 5 support: 0; clusters: 63443
polytomy of size 9; rounds with additions with at least 5 support: 0; clusters: 63443
Threshold 0.1:
polytomy of size 5; rounds with additions with at least 5 support: 0; clusters: 63443
polytomy of size 12; rounds with additions with at least 5 support: 0; clusters: 63445
Threshold 0.2:
polytomy of size 22; rounds with additions with at least 5 support: 0; clusters: 63445
Threshold 0.3333333333333333:
polytomy of size 3; rounds with additions with at least 5 support: 0; clusters: 63445
polytomy of size 28; rounds with additions with at least 5 support: 0; clusters: 63445
max k is :4
Number of Clusters after addition by greedy: 63445
gradient0 in heuristiic: 63445
partitions formed in 38.325 secs
Dynamic Programming starting after 38.325 secs
Using tree-based weight calculation.
Using polytree-based weight calculation.
Polytree max score: 382364191
Polytree building time: 0.786 seconds.
Number of quartet trees in the gene trees: 382364191
Size of largest cluster: 48
Greedy score: 213011815
estimationFactor: 1.795037477146514
Calculated 100000 weights; time (seconds): 630
Sub-optimal score: 226739855
Calculated 200000 weights; time (seconds): 609
Calculated 300000 weights; time (seconds): 617
Calculated 400000 weights; time (seconds): 592
Calculated 500000 weights; time (seconds): 633
Total Number of elements weighted: 548817
Normalized score (portion of input quartet trees satisfied before correcting for multiple individuals): 0.6089373547011885
Optimization score: 232835839
Optimal tree inferred in 3368.001 secs.
(PICPU,(MERNU,(BUCRH,(APAVI,(LEPDI,(COLST,(TYTAL,((CARCR,(FALPE,((MELUN,NESNO),(ACACH,(MANVI,(CORBR,(TAEGU,GEOFO))))))),((CATAU,(HALAL,HALLE)),(((TAUER,(CHLUN,CUCCA)),(((PODCR,PHORU),(COLLI,(PTEGU,MESUN))),((TINMA,STRCA),(ANAPL,(GALGA,MELGA))))),((CAPCA,(CALAN,CHAPE)),((OPHHO,(CHAVO,BALRE)),((PHALE,EURHE),(GAVST,((FULGL,(PYGAD,APTFO)),(PHACA,(NIPNI,(PELCR,EGRGA))))))))))))))))));
Final quartet score is: 232835839
Final normalized quartet score is: 0.6089373547011885
(ANAPL,((GALGA,MELGA)1:2.403538247255212,((TINMA,STRCA)1:5.1016397797557085,(((PODCR,PHORU)1:2.8169455228496503,(COLLI,(PTEGU,MESUN)1:0.4088896628474987)0.87:0.02461762788452132)0.98:0.03760360147212068,((TAUER,(CHLUN,CUCCA)0.8:0.021697252203809334)1:0.09621692326073732,(((CAPCA,(CALAN,CHAPE)1:2.5164831516044326)1:0.6173599312533021,((OPHHO,(CHAVO,BALRE)0.79:0.020350010074871906)0.46:0.005690787523772244,((PHALE,EURHE)1:0.3512245134533695,(GAVST,((FULGL,(PYGAD,APTFO)1:5.4157147510187365)1:0.21392014591208477,(PHACA,(NIPNI,(PELCR,EGRGA)1:0.10851806102637222)1:0.3352090401341398)1:0.5479850270648388)1:0.5004464199684195)1:0.3411242187436975)0.96:0.03174395797306587)0.71:0.01599278589973854)0.42:0.0042498530720985654,((CATAU,(HALAL,HALLE)1:7.019495401603931)1:0.40533561948324776,((CARCR,(FALPE,((MELUN,NESNO)1:5.433248341453865,(ACACH,(MANVI,(CORBR,(TAEGU,GEOFO)1:4.644746996674865)1:5.530571829544147)1:1.712241368123392)1:4.869777137240574)1:0.21809766919516807)1:0.25164707605756526)1:0.21647915627492145,(TYTAL,(COLST,(LEPDI,(APAVI,(BUCRH,(MERNU,PICPU)1:0.22904684644803602)1:0.38227131223817384)1:0.12591758330854322)1:0.2897008354861648)0.99:0.04533399964781931)0.87:0.03458403900179565)1:0.06465003949833628)1:0.748370719717151)0.95:0.03153762408190641)0.97:0.04117454067735766)1:2.832930024485761)1:2.779644631221749));
Weight calculation took 3264.100499634 secs
ASTRAL finished in 3370.851 secs
