
================== ASTRAL ===================== 

This is ASTRAL version 5.6.1
Gene trees are treated as unrooted
3679 trees read from uce-nt-genetrees-10-contract.tre
All output trees will be *arbitrarily* rooted at MANVI

======== Running the main analysis
Number of taxa: 48 (48 species)
Taxa: [MANVI, GEOFO, TAEGU, CORBR, COLST, CARCR, PHACA, CUCCA, MERNU, CHAPE, OPHHO, MELUN, NESNO, CHAVO, CHLUN, COLLI, LEPDI, PTEGU, MESUN, BUCRH, ANAPL, GALGA, MELGA, STRCA, TINMA, GAVST, EURHE, CAPCA, FALPE, EGRGA, NIPNI, PYGAD, APTFO, CALAN, PICPU, TAUER, PHALE, APAVI, TYTAL, PELCR, HALLE, HALAL, CATAU, BALRE, FULGL, PODCR, PHORU, ACACH]
Taxon occupancy: {FULGL=3679, COLLI=3679, ANAPL=3679, MESUN=3679, GALGA=3679, TAUER=3679, PHALE=3679, HALAL=3679, BUCRH=3679, TINMA=3679, MELUN=3679, PYGAD=3679, MELGA=3679, TYTAL=3679, PHORU=3679, COLST=3679, CALAN=3679, NESNO=3679, STRCA=3679, TAEGU=3679, PODCR=3679, GAVST=3679, MERNU=3679, APAVI=3679, NIPNI=3679, CAPCA=3679, FALPE=3679, CHAPE=3679, BALRE=3679, PTEGU=3679, PELCR=3679, CORBR=3679, CHAVO=3679, CATAU=3679, PICPU=3679, EGRGA=3679, EURHE=3679, CARCR=3679, PHACA=3679, OPHHO=3679, CHLUN=3679, GEOFO=3679, LEPDI=3679, MANVI=3679, APTFO=3679, ACACH=3679, CUCCA=3679, HALLE=3679}
Number of gene trees: 3679
0 trees have missing taxa
Calculating quartet distance matrix (for completion of X)
Mem reserved
Mem reserved. 2
...............................................................................................................................................................................................................................................................................................................................................................................................................................................................................................................................................................................................................................................................................................................................................................................................................................................................................................................................................................................................................................................................................................................................................................................................................................................................................................................................................................................................................................................................................................................................................................................................................................................................................................................................................................................................................................................................................................................................................................................................................................................................................................................................................................................................................................................................................................................................................................................................................................................................................................................................................................................................................................................................................................................................................................................................................................................................................................................................................................................................................................................................................................................................................................................................................................................................................................................................................................................................................................................................................................................................................................................................................................................................................................................................................................................................................................BS set and saved
Convert to species 
Species tree distances calculated ...
Building set of clusters (X) from gene trees 
------------------------------
gradient0: 117367
Number of Clusters after addition by distance: 117367
calculating extra bipartitions to be added at level 1 ...
Adding to X using resolutions of greedy consensus ...
Limit for sigma of degrees:1250
polytomy size limit : 30
discarded polytomies: 34  [4, 4, 6, 7, 9, 13, 22, 30, 34]
Threshold 0.0:
Threshold 0.01:
polytomy of size 7; rounds with additions with at least 5 support: 0; clusters: 117401
polytomy of size 4; rounds with additions with at least 5 support: 0; clusters: 117401
Threshold 0.02:
polytomy of size 9; rounds with additions with at least 5 support: 0; clusters: 117451
polytomy of size 4; rounds with additions with at least 5 support: 0; clusters: 117451
Threshold 0.05:
polytomy of size 13; rounds with additions with at least 5 support: 0; clusters: 117451
polytomy of size 6; rounds with additions with at least 5 support: 0; clusters: 117451
Threshold 0.1:
polytomy of size 22; rounds with additions with at least 5 support: 0; clusters: 117453
Threshold 0.2:
polytomy of size 30; rounds with additions with at least 5 support: 0; clusters: 117453
Threshold 0.3333333333333333:
polytomy of size 34; rounds with additions with at least 5 support: 0; clusters: 117453
max k is :0
Number of Clusters after addition by greedy: 117453
gradient0 in heuristiic: 117453
partitions formed in 30.187 secs
Dynamic Programming starting after 30.187 secs
Using tree-based weight calculation.
Using polytree-based weight calculation.
Polytree max score: 369553550
Polytree building time: 0.849 seconds.
Number of quartet trees in the gene trees: 369553550
Size of largest cluster: 48
Greedy score: 253169746
estimationFactor: 1.4597066033316635
Calculated 100000 weights; time (seconds): 311
Calculated 200000 weights; time (seconds): 284
Calculated 300000 weights; time (seconds): 282
Calculated 400000 weights; time (seconds): 283
Calculated 500000 weights; time (seconds): 279
Sub-optimal score: 264435882
Calculated 600000 weights; time (seconds): 277
Calculated 700000 weights; time (seconds): 276
Calculated 800000 weights; time (seconds): 277
Calculated 900000 weights; time (seconds): 279
Calculated 1000000 weights; time (seconds): 277
Calculated 1100000 weights; time (seconds): 278
Calculated 1200000 weights; time (seconds): 276
Calculated 1300000 weights; time (seconds): 284
Calculated 1400000 weights; time (seconds): 282
Calculated 1500000 weights; time (seconds): 287
Calculated 1600000 weights; time (seconds): 286
Calculated 1700000 weights; time (seconds): 287
Calculated 1800000 weights; time (seconds): 294
Calculated 1900000 weights; time (seconds): 278
Total Number of elements weighted: 1918420
Normalized score (portion of input quartet trees satisfied before correcting for multiple individuals): 0.7206012822769529
Optimization score: 266300762
Optimal tree inferred in 5435.903 secs.
(COLST,((CARCR,(FALPE,((MELUN,NESNO),(ACACH,(MANVI,(CORBR,(GEOFO,TAEGU))))))),(((TYTAL,(CATAU,(HALLE,HALAL))),(LEPDI,(APAVI,(BUCRH,(MERNU,PICPU))))),((((STRCA,TINMA),(ANAPL,(GALGA,MELGA))),((PODCR,PHORU),(COLLI,(PTEGU,MESUN)))),((CUCCA,(CHLUN,TAUER)),((BALRE,(OPHHO,CHAVO)),((CAPCA,(CHAPE,CALAN)),((EURHE,PHALE),(GAVST,((FULGL,(PYGAD,APTFO)),(PHACA,(NIPNI,(EGRGA,PELCR)))))))))))));
Final quartet score is: 266300762
Final normalized quartet score is: 0.7206012822769529
(MANVI,((CORBR,(GEOFO,TAEGU)1:4.671642943705498)1:5.623035815563256,(ACACH,((MELUN,NESNO)1:6.344320202309909,(FALPE,(CARCR,((((TYTAL,(CATAU,(HALLE,HALAL)1:5.999720967164002)1:0.4530392771497403)0.99:0.06793896083199574,(LEPDI,(APAVI,(BUCRH,(MERNU,PICPU)1:0.17808816192007668)1:0.30822483155273145)1:0.1360081934194331)1:0.45870761472437177)0.99:0.07357763265999426,((((STRCA,TINMA)1:3.860069061550167,(ANAPL,(GALGA,MELGA)1:4.413312284493163)1:3.210473873959161)1:3.9130747432104918,((PODCR,PHORU)1:3.7915357339213958,(COLLI,(PTEGU,MESUN)1:0.42713388787843265)0.88:0.03346210390010174)0.93:0.032111164296309065)0.97:0.04241061847971319,((CUCCA,(CHLUN,TAUER)0.95:0.036339455702776316)1:0.12027806131088051,((BALRE,(OPHHO,CHAVO)0.52:0.010345670437881146)0.94:0.03669074159884926,((CAPCA,(CHAPE,CALAN)1:2.918976611008607)1:0.9535680025358012,((EURHE,PHALE)1:0.5662417225949992,(GAVST,((FULGL,(PYGAD,APTFO)1:6.394759427578626)1:0.23812764076151213,(PHACA,(NIPNI,(EGRGA,PELCR)1:0.11210347020315088)1:0.2953603335518972)1:0.6659159653109248)1:0.6060874344949116)1:0.564690206892774)0.99:0.051218086982260394)0.74:0.022829199115908486)0.35:0.0013856904590055631)0.73:0.026927748570827494)1:1.3644043444226948)0.84:0.047590234279389784,COLST)1:0.21025481527629036)1:0.26956617026329066)1:0.25748103838952935)1:5.57435096372818)1:1.2958358151580645));
Weight calculation took 5189.795020798 secs
ASTRAL finished in 5439.182 secs
