
================== ASTRAL ===================== 

This is ASTRAL version 5.6.1
Gene trees are treated as unrooted
3679 trees read from uce-nt-genetrees-20-contract.tre
All output trees will be *arbitrarily* rooted at MANVI

======== Running the main analysis
Number of taxa: 48 (48 species)
Taxa: [MANVI, GEOFO, TAEGU, CORBR, COLST, CARCR, PHACA, CUCCA, MERNU, CHAPE, OPHHO, MELUN, NESNO, CHAVO, CHLUN, COLLI, LEPDI, PTEGU, MESUN, BUCRH, ANAPL, GALGA, MELGA, STRCA, TINMA, GAVST, EURHE, CAPCA, FALPE, EGRGA, NIPNI, PYGAD, APTFO, CALAN, PICPU, TAUER, PHALE, APAVI, TYTAL, PELCR, HALLE, HALAL, CATAU, BALRE, FULGL, PODCR, PHORU, ACACH]
Taxon occupancy: {FULGL=3679, COLLI=3679, ANAPL=3679, MESUN=3679, GALGA=3679, TAUER=3679, PHALE=3679, HALAL=3679, BUCRH=3679, TINMA=3679, MELUN=3679, PYGAD=3679, MELGA=3679, TYTAL=3679, PHORU=3679, COLST=3679, CALAN=3679, NESNO=3679, STRCA=3679, TAEGU=3679, PODCR=3679, GAVST=3679, MERNU=3679, APAVI=3679, NIPNI=3679, CAPCA=3679, FALPE=3679, CHAPE=3679, BALRE=3679, PTEGU=3679, PELCR=3679, CORBR=3679, CHAVO=3679, CATAU=3679, PICPU=3679, EGRGA=3679, EURHE=3679, CARCR=3679, PHACA=3679, OPHHO=3679, CHLUN=3679, GEOFO=3679, LEPDI=3679, MANVI=3679, APTFO=3679, ACACH=3679, CUCCA=3679, HALLE=3679}
Number of gene trees: 3679
0 trees have missing taxa
Calculating quartet distance matrix (for completion of X)
Mem reserved
Mem reserved. 2
...............................................................................................................................................................................................................................................................................................................................................................................................................................................................................................................................................................................................................................................................................................................................................................................................................................................................................................................................................................................................................................................................................................................................................................................................................................................................................................................................................................................................................................................................................................................................................................................................................................................................................................................................................................................................................................................................................................................................................................................................................................................................................................................................................................................................................................................................................................................................................................................................................................................................................................................................................................................................................................................................................................................................................................................................................................................................................................................................................................................................................................................................................................................................................................................................................................................................................................................................................................................................................................................................................................................................................................................................................................................................................................................................................................................................................................BS set and saved
Convert to species 
Species tree distances calculated ...
Building set of clusters (X) from gene trees 
------------------------------
gradient0: 69691
Number of Clusters after addition by distance: 69691
calculating extra bipartitions to be added at level 1 ...
Adding to X using resolutions of greedy consensus ...
Limit for sigma of degrees:1250
polytomy size limit : 33
discarded polytomies: 34  [4, 4, 7, 9, 10, 13, 24, 33, 34]
Threshold 0.0:
Threshold 0.01:
polytomy of size 7; rounds with additions with at least 5 support: 0; clusters: 69715
polytomy of size 4; rounds with additions with at least 5 support: 0; clusters: 69715
Threshold 0.02:
polytomy of size 10; rounds with additions with at least 5 support: 0; clusters: 69771
polytomy of size 4; rounds with additions with at least 5 support: 0; clusters: 69771
Threshold 0.05:
polytomy of size 13; rounds with additions with at least 5 support: 0; clusters: 69771
polytomy of size 9; rounds with additions with at least 5 support: 0; clusters: 69771
Threshold 0.1:
polytomy of size 24; rounds with additions with at least 5 support: 0; clusters: 69773
Threshold 0.2:
polytomy of size 33; rounds with additions with at least 5 support: 0; clusters: 69773
Threshold 0.3333333333333333:
polytomy of size 34; rounds with additions with at least 5 support: 0; clusters: 69773
max k is :0
Number of Clusters after addition by greedy: 69773
gradient0 in heuristiic: 69773
partitions formed in 25.392 secs
Dynamic Programming starting after 25.392 secs
Using tree-based weight calculation.
Using polytree-based weight calculation.
Polytree max score: 283603068
Polytree building time: 0.562 seconds.
Number of quartet trees in the gene trees: 283603068
Size of largest cluster: 48
Greedy score: 208053998
estimationFactor: 1.3631224140186915
Calculated 100000 weights; time (seconds): 303
Calculated 200000 weights; time (seconds): 278
Calculated 300000 weights; time (seconds): 279
Sub-optimal score: 217791921
Calculated 400000 weights; time (seconds): 283
Calculated 500000 weights; time (seconds): 279
Calculated 600000 weights; time (seconds): 273
Calculated 700000 weights; time (seconds): 273
Calculated 800000 weights; time (seconds): 277
Calculated 900000 weights; time (seconds): 285
Calculated 1000000 weights; time (seconds): 292
Calculated 1100000 weights; time (seconds): 295
Total Number of elements weighted: 1110511
Normalized score (portion of input quartet trees satisfied before correcting for multiple individuals): 0.7703069594437533
Optimization score: 218461417
Optimal tree inferred in 3150.55 secs.
(COLST,((CARCR,(FALPE,((MELUN,NESNO),(ACACH,(MANVI,(CORBR,(GEOFO,TAEGU))))))),(((TYTAL,(CATAU,(HALLE,HALAL))),(LEPDI,(APAVI,(BUCRH,(MERNU,PICPU))))),((((STRCA,TINMA),(ANAPL,(GALGA,MELGA))),((PODCR,PHORU),(COLLI,(PTEGU,MESUN)))),(((BALRE,(OPHHO,CHAVO)),(CUCCA,(CHLUN,TAUER))),((CAPCA,(CHAPE,CALAN)),((EURHE,PHALE),(GAVST,((FULGL,(PYGAD,APTFO)),(PHACA,(NIPNI,(EGRGA,PELCR))))))))))));
Final quartet score is: 218461417
Final normalized quartet score is: 0.7703069594437533
(MANVI,((CORBR,(GEOFO,TAEGU)1:4.671642943705498)1:5.742200039424783,(ACACH,((MELUN,NESNO)1:6.390597536777807,(FALPE,(CARCR,((((TYTAL,(CATAU,(HALLE,HALAL)1:6.206170196844572)1:0.5812383082076565)1:0.12214720954354796,(LEPDI,(APAVI,(BUCRH,(MERNU,PICPU)1:0.22810524394032317)1:0.392018147571809)1:0.18681217646722167)1:0.5143763902530829)1:0.11440809414277278,((((STRCA,TINMA)1:3.9126988452375997,(ANAPL,(GALGA,MELGA)1:4.4267439158610316)1:3.2374034551870876)1:4.215888135672698,((PODCR,PHORU)1:4.307187478677405,(COLLI,(PTEGU,MESUN)1:0.5302218663005267)0.81:0.03312463316703887)1:0.06064261774797545)0.97:0.052754201444969895,(((BALRE,(OPHHO,CHAVO)0.49:0.012036078666918072)0.87:0.03567889962029382,(CUCCA,(CHLUN,TAUER)0.96:0.04500111889019247)1:0.1485581345521519)0.31:0.0,((CAPCA,(CHAPE,CALAN)1:3.32535541151154)1:1.1763105311068836,((EURHE,PHALE)1:0.7570958266851296,(GAVST,((FULGL,(PYGAD,APTFO)1:6.4391264618247925)1:0.351548374218809,(PHACA,(NIPNI,(EGRGA,PELCR)1:0.12786930054491225)1:0.35548663120278584)1:0.8582163465037377)1:0.7620613627453722)1:0.6751559483328976)0.97:0.052345172981078894)0.73:0.02606155285064527)0.86:0.034176366725092756)1:1.599693964729356)0.58:0.04346810060219606,COLST)1:0.2763000956415331)1:0.3426313824456115)1:0.34916786947476636)1:5.7516137692613984)1:1.29838439017939));
Weight calculation took 3045.552144479 secs
ASTRAL finished in 3153.991 secs
