
================== ASTRAL ===================== 

This is ASTRAL version 5.6.1
Gene trees are treated as unrooted
3679 trees read from uce-indel-genetrees-10-contract.tre
All output trees will be *arbitrarily* rooted at STRCA

======== Running the main analysis
Number of taxa: 48 (48 species)
Taxa: [STRCA, LEPDI, EGRGA, GALGA, MELGA, CALAN, MESUN, PELCR, APTFO, PYGAD, MELUN, NESNO, TAUER, FALPE, BUCRH, ACACH, CORBR, TAEGU, GEOFO, CUCCA, NIPNI, PHORU, PODCR, EURHE, TYTAL, HALLE, HALAL, PHACA, COLST, BALRE, CHAPE, MANVI, OPHHO, FULGL, CATAU, CARCR, APAVI, CAPCA, MERNU, PHALE, CHLUN, COLLI, PICPU, CHAVO, GAVST, ANAPL, PTEGU, TINMA]
Taxon occupancy: {FULGL=3679, COLLI=3679, ANAPL=3678, MESUN=3679, GALGA=3674, TAUER=3679, HALAL=3678, PHALE=3679, BUCRH=3677, TINMA=3679, MELUN=3679, PYGAD=3679, MELGA=3679, PHORU=3678, TYTAL=3677, COLST=3679, CALAN=3679, STRCA=3679, NESNO=3679, TAEGU=3679, PODCR=3678, GAVST=3679, APAVI=3679, MERNU=3679, NIPNI=3679, CAPCA=3679, FALPE=3679, BALRE=3679, CHAPE=3679, PELCR=3679, PTEGU=3679, CORBR=3679, CATAU=3677, CHAVO=3679, PICPU=3678, EGRGA=3679, EURHE=3679, CARCR=3677, PHACA=3678, OPHHO=3679, CHLUN=3678, LEPDI=3679, GEOFO=3679, MANVI=3679, APTFO=3679, ACACH=3679, CUCCA=3679, HALLE=3678}
Number of gene trees: 3679
18 trees have missing taxa
Calculating quartet distance matrix (for completion of X)
Mem reserved
Mem reserved. 2
...............................................................................................................................................................................................................................................................................................................................................................................................................................................................................................................................................................................................................................................................................................................................................................................................................................................................................................................................................................................................................................................................................................................................................................................................................................................................................................................................................................................................................................................................................................................................................................................................................................................................................................................................................................................................................................................................................................................................................................................................................................................................................................................................................................................................................................................................................................................................................................................................................................................................................................................................................................................................................................................................................................................................................................................................................................................................................................................................................................................................................................................................................................................................................................................................................................................................................................................................................................................................................................................................................................................................................................................................................................................................................................................................................................................................................................BS set and saved
Convert to species 
Species tree distances calculated ...
Will attempt to complete bipartitions from X before adding using a distance matrix.
Building set of clusters (X) from gene trees 
------------------------------
gradient0: 215037
Number of Clusters after addition by distance: 215037
calculating extra bipartitions to be added at level 1 ...
Adding to X using resolutions of greedy consensus ...
Limit for sigma of degrees:1250
polytomy size limit : 32
discarded polytomies: 34 34 36  [3, 4, 17, 21, 32, 34, 34, 36]
Threshold 0.0:
polytomy of size 3; rounds with additions with at least 5 support: 1; clusters: 215039
polytomy of size 4; rounds with additions with at least 5 support: 2; clusters: 215059
Threshold 0.01:
polytomy of size 17; rounds with additions with at least 5 support: 1; clusters: 215549
Threshold 0.02:
polytomy of size 21; rounds with additions with at least 5 support: 0; clusters: 216061
Threshold 0.05:
polytomy of size 32; rounds with additions with at least 5 support: 0; clusters: 216067
Threshold 0.1:
polytomy of size 34; rounds with additions with at least 5 support: 0; clusters: 216067
Threshold 0.2:
polytomy of size 34; rounds with additions with at least 5 support: 0; clusters: 216067
Threshold 0.3333333333333333:
polytomy of size 36; rounds with additions with at least 5 support: 0; clusters: 216067
max k is :4
Number of Clusters after addition by greedy: 216067
gradient0 in heuristiic: 216067
partitions formed in 38.631 secs
Dynamic Programming starting after 38.631 secs
Using tree-based weight calculation.
Using polytree-based weight calculation.
Polytree max score: 264911299
Polytree building time: 0.783 seconds.
Number of quartet trees in the gene trees: 264911299
Size of largest cluster: 48
Greedy score: 154193668
estimationFactor: 1.718042656589504
Calculated 100000 weights; time (seconds): 397
Calculated 200000 weights; time (seconds): 420
Calculated 300000 weights; time (seconds): 439
Calculated 400000 weights; time (seconds): 451
Sub-optimal score: 161365283
Calculated 500000 weights; time (seconds): 453
Calculated 600000 weights; time (seconds): 461
Calculated 700000 weights; time (seconds): 453
Calculated 800000 weights; time (seconds): 435
Calculated 900000 weights; time (seconds): 369
Calculated 1000000 weights; time (seconds): 384
Calculated 1100000 weights; time (seconds): 382
Calculated 1200000 weights; time (seconds): 412
Calculated 1300000 weights; time (seconds): 411
Calculated 1400000 weights; time (seconds): 414
Calculated 1500000 weights; time (seconds): 415
Calculated 1600000 weights; time (seconds): 430
Calculated 1700000 weights; time (seconds): 412
Calculated 1800000 weights; time (seconds): 418
Calculated 1900000 weights; time (seconds): 398
Calculated 2000000 weights; time (seconds): 389
Total Number of elements weighted: 2081455
Normalized score (portion of input quartet trees satisfied before correcting for multiple individuals): 0.621707049196116
Optimization score: 164697222
Optimal tree inferred in 8655.434 secs.
(APAVI,((BUCRH,(MERNU,PICPU)),(LEPDI,(COLST,((FALPE,((MELUN,NESNO),(ACACH,(MANVI,(CORBR,(TAEGU,GEOFO)))))),((CARCR,(TYTAL,(CATAU,(HALLE,HALAL)))),(((CAPCA,(CALAN,CHAPE)),(((CUCCA,CHLUN),(COLLI,(MESUN,PTEGU))),((STRCA,TINMA),(ANAPL,(GALGA,MELGA))))),(TAUER,((BALRE,(PHORU,PODCR)),(CHAVO,(OPHHO,((EURHE,PHALE),(GAVST,((FULGL,(APTFO,PYGAD)),(PHACA,(EGRGA,(PELCR,NIPNI)))))))))))))))));
Final quartet score is: 164697222
Final normalized quartet score is: 0.621707049196116
(STRCA,(TINMA,((ANAPL,(GALGA,MELGA)1:2.737681598319845)1:0.9608485532981469,(((CUCCA,CHLUN)0.98:0.05163766351693505,(COLLI,(MESUN,PTEGU)1:0.14263689085284184)0.76:0.02585475514663151)0.34:3.001097765674362E-4,((CAPCA,(CALAN,CHAPE)1:0.8880038362652011)1:0.3169284616447561,((TAUER,((BALRE,(PHORU,PODCR)1:1.1003822263878924)0.38:0.003327043379365508,(CHAVO,(OPHHO,((EURHE,PHALE)1:0.21196375918510985,(GAVST,((FULGL,(APTFO,PYGAD)1:2.745673123657465)1:0.13011923661758412,(PHACA,(EGRGA,(PELCR,NIPNI)0.88:0.032926115913995725)1:0.0981117281315163)1:0.1333962925367896)1:0.1623887193274618)1:0.3122752814853754)0.54:0.013408756073183734)0.37:0.0024686342711891917)0.56:0.015443286558985348)0.46:0.011308623207638412)0.6:0.021715632058126714,((CARCR,(TYTAL,(CATAU,(HALLE,HALAL)1:4.180903855884301)1:0.16303695319258496)0.81:0.03683800335049491)0.56:0.024818289882141666,((FALPE,((MELUN,NESNO)1:3.7950471685525753,(ACACH,(MANVI,(CORBR,(TAEGU,GEOFO)1:1.133737707543526)1:2.4111913962462004)1:0.43368094260599616)1:2.408025868076144)1:0.11187742223762866)1:0.13516597256982238,(COLST,(LEPDI,((BUCRH,(MERNU,PICPU)1:0.11960748034897198)1:0.06699700159812992,APAVI)1:0.06318917902448401)0.98:0.05642338042246972)0.59:0.018505389999227826)0.99:0.06038935250851607)1:0.5350440522286147)0.53:0.013135792787119878)0.49:0.009964449456173452)1:1.7569068239310848)1:2.0643726084504577));
Weight calculation took 7935.641818651 secs
ASTRAL finished in 8658.861 secs
