
================== ASTRAL ===================== 

This is ASTRAL version 5.6.1
Gene trees are treated as unrooted
3679 trees read from uce-nt-genetrees-5-contract.tre
All output trees will be *arbitrarily* rooted at MANVI

======== Running the main analysis
Number of taxa: 48 (48 species)
Taxa: [MANVI, GEOFO, TAEGU, CORBR, COLST, CARCR, PHACA, CUCCA, MERNU, CHAPE, OPHHO, MELUN, NESNO, CHAVO, CHLUN, COLLI, LEPDI, PTEGU, MESUN, BUCRH, ANAPL, GALGA, MELGA, STRCA, TINMA, GAVST, EURHE, CAPCA, FALPE, EGRGA, NIPNI, PYGAD, APTFO, CALAN, PICPU, TAUER, PHALE, APAVI, TYTAL, PELCR, HALLE, HALAL, CATAU, BALRE, FULGL, PODCR, PHORU, ACACH]
Taxon occupancy: {FULGL=3679, COLLI=3679, ANAPL=3679, MESUN=3679, GALGA=3679, TAUER=3679, PHALE=3679, HALAL=3679, BUCRH=3679, TINMA=3679, MELUN=3679, PYGAD=3679, MELGA=3679, TYTAL=3679, PHORU=3679, COLST=3679, CALAN=3679, NESNO=3679, STRCA=3679, TAEGU=3679, PODCR=3679, GAVST=3679, MERNU=3679, APAVI=3679, NIPNI=3679, CAPCA=3679, FALPE=3679, CHAPE=3679, BALRE=3679, PTEGU=3679, PELCR=3679, CORBR=3679, CHAVO=3679, CATAU=3679, PICPU=3679, EGRGA=3679, EURHE=3679, CARCR=3679, PHACA=3679, OPHHO=3679, CHLUN=3679, GEOFO=3679, LEPDI=3679, MANVI=3679, APTFO=3679, ACACH=3679, CUCCA=3679, HALLE=3679}
Number of gene trees: 3679
0 trees have missing taxa
Calculating quartet distance matrix (for completion of X)
Mem reserved
Mem reserved. 2
...............................................................................................................................................................................................................................................................................................................................................................................................................................................................................................................................................................................................................................................................................................................................................................................................................................................................................................................................................................................................................................................................................................................................................................................................................................................................................................................................................................................................................................................................................................................................................................................................................................................................................................................................................................................................................................................................................................................................................................................................................................................................................................................................................................................................................................................................................................................................................................................................................................................................................................................................................................................................................................................................................................................................................................................................................................................................................................................................................................................................................................................................................................................................................................................................................................................................................................................................................................................................................................................................................................................................................................................................................................................................................................................................................................................................................................BS set and saved
Convert to species 
Species tree distances calculated ...
Building set of clusters (X) from gene trees 
------------------------------
gradient0: 138939
Number of Clusters after addition by distance: 138939
calculating extra bipartitions to be added at level 1 ...
Adding to X using resolutions of greedy consensus ...
Limit for sigma of degrees:1250
polytomy size limit : 30
discarded polytomies: 34  [4, 4, 6, 8, 9, 12, 22, 30, 34]
Threshold 0.0:
Threshold 0.01:
polytomy of size 8; rounds with additions with at least 5 support: 2; clusters: 139019
polytomy of size 4; rounds with additions with at least 5 support: 0; clusters: 139019
Threshold 0.02:
polytomy of size 9; rounds with additions with at least 5 support: 0; clusters: 139067
polytomy of size 4; rounds with additions with at least 5 support: 0; clusters: 139067
Threshold 0.05:
polytomy of size 12; rounds with additions with at least 5 support: 0; clusters: 139071
polytomy of size 6; rounds with additions with at least 5 support: 0; clusters: 139071
Threshold 0.1:
polytomy of size 22; rounds with additions with at least 5 support: 0; clusters: 139079
Threshold 0.2:
polytomy of size 30; rounds with additions with at least 5 support: 0; clusters: 139079
Threshold 0.3333333333333333:
polytomy of size 34; rounds with additions with at least 5 support: 0; clusters: 139079
max k is :4
Number of Clusters after addition by greedy: 139079
gradient0 in heuristiic: 139079
partitions formed in 33.3 secs
Dynamic Programming starting after 33.3 secs
Using tree-based weight calculation.
Using polytree-based weight calculation.
Polytree max score: 439674968
Polytree building time: 0.749 seconds.
Number of quartet trees in the gene trees: 439674968
Size of largest cluster: 48
Greedy score: 286419329
estimationFactor: 1.535074359454281
Calculated 100000 weights; time (seconds): 322
Calculated 200000 weights; time (seconds): 290
Calculated 300000 weights; time (seconds): 291
Calculated 400000 weights; time (seconds): 292
Sub-optimal score: 297371412
Calculated 500000 weights; time (seconds): 288
Calculated 600000 weights; time (seconds): 283
Calculated 700000 weights; time (seconds): 283
Calculated 800000 weights; time (seconds): 284
Calculated 900000 weights; time (seconds): 285
Calculated 1000000 weights; time (seconds): 285
Calculated 1100000 weights; time (seconds): 284
Calculated 1200000 weights; time (seconds): 284
Calculated 1300000 weights; time (seconds): 292
Calculated 1400000 weights; time (seconds): 296
Calculated 1500000 weights; time (seconds): 297
Calculated 1600000 weights; time (seconds): 300
Calculated 1700000 weights; time (seconds): 302
Calculated 1800000 weights; time (seconds): 306
Calculated 1900000 weights; time (seconds): 292
Calculated 2000000 weights; time (seconds): 263
Total Number of elements weighted: 2003590
Normalized score (portion of input quartet trees satisfied before correcting for multiple individuals): 0.6845714241343847
Optimization score: 300988919
Optimal tree inferred in 5840.279 secs.
(COLST,((CARCR,(FALPE,((MELUN,NESNO),(ACACH,(MANVI,(CORBR,(GEOFO,TAEGU))))))),(((TYTAL,(CATAU,(HALLE,HALAL))),(LEPDI,(APAVI,(BUCRH,(MERNU,PICPU))))),((((COLLI,(PTEGU,MESUN)),(CUCCA,(CHLUN,TAUER))),((PODCR,PHORU),((STRCA,TINMA),(ANAPL,(GALGA,MELGA))))),((BALRE,(OPHHO,CHAVO)),((CAPCA,(CHAPE,CALAN)),((EURHE,PHALE),(GAVST,((FULGL,(PYGAD,APTFO)),(PHACA,(NIPNI,(EGRGA,PELCR))))))))))));
Final quartet score is: 300988919
Final normalized quartet score is: 0.6845714241343847
(MANVI,((CORBR,(GEOFO,TAEGU)1:4.671642943705498)1:5.623060524003661,(ACACH,((MELUN,NESNO)1:6.3365260607816065,(FALPE,(CARCR,((((TYTAL,(CATAU,(HALLE,HALAL)1:5.975540815730151)1:0.34626520893023366)0.96:0.044168841211457394,(LEPDI,(APAVI,(BUCRH,(MERNU,PICPU)1:0.14952101162635803)1:0.25773460054873215)1:0.11272041063211229)1:0.3978185925982818)0.96:0.046769702757576435,((((COLLI,(PTEGU,MESUN)1:0.36731806630661373)0.78:0.02092838537945472,(CUCCA,(CHLUN,TAUER)0.93:0.03035525071361027)1:0.05707702988810824)0.91:0.034939658770459354,((PODCR,PHORU)1:3.6749645766924597,((STRCA,TINMA)1:3.8593064511987483,(ANAPL,(GALGA,MELGA)1:4.413638682871327)1:3.1906465751720647)1:3.7946729927161598)0.47:0.008772361908397473)0.62:0.01836705038228276,((BALRE,(OPHHO,CHAVO)0.5:0.008931485409914305)0.98:0.03842059952277128,((CAPCA,(CHAPE,CALAN)1:2.691947675614478)1:0.7821801937994732,((EURHE,PHALE)1:0.4797717588813558,(GAVST,((FULGL,(PYGAD,APTFO)1:6.347361986796085)1:0.18332331813998282,(PHACA,(NIPNI,(EGRGA,PELCR)1:0.10286096608203682)1:0.2650590340728013)1:0.5693230104314908)1:0.510400992625721)1:0.5056911861421979)0.99:0.04517109026211224)0.68:0.017818318628999394)0.79:0.02309011857307198)1:1.1701664019148579)0.85:0.04013350318750552,COLST)1:0.17075918261536477)1:0.2214073921179746)1:0.2061497548146497)1:5.469142383098741)1:1.294646556276053));
Weight calculation took 5535.17110435 secs
ASTRAL finished in 5843.539 secs
