
================== ASTRAL ===================== 

This is ASTRAL version 5.6.1
Gene trees are treated as unrooted
3679 trees read from uce-nt-genetrees.tre
All output trees will be *arbitrarily* rooted at MANVI

======== Running the main analysis
Number of taxa: 48 (48 species)
Taxa: [MANVI, GEOFO, TAEGU, CORBR, COLST, CARCR, PHACA, CUCCA, MERNU, CHAPE, OPHHO, MELUN, NESNO, CHAVO, CHLUN, COLLI, LEPDI, PTEGU, MESUN, BUCRH, ANAPL, GALGA, MELGA, STRCA, TINMA, GAVST, EURHE, CAPCA, FALPE, EGRGA, NIPNI, PYGAD, APTFO, CALAN, PICPU, TAUER, PHALE, APAVI, TYTAL, PELCR, HALLE, HALAL, CATAU, BALRE, FULGL, PODCR, PHORU, ACACH]
Taxon occupancy: {FULGL=3679, COLLI=3679, ANAPL=3679, MESUN=3679, GALGA=3679, TAUER=3679, PHALE=3679, HALAL=3679, BUCRH=3679, TINMA=3679, MELUN=3679, PYGAD=3679, MELGA=3679, TYTAL=3679, PHORU=3679, COLST=3679, CALAN=3679, NESNO=3679, STRCA=3679, TAEGU=3679, PODCR=3679, GAVST=3679, MERNU=3679, APAVI=3679, NIPNI=3679, CAPCA=3679, FALPE=3679, CHAPE=3679, BALRE=3679, PTEGU=3679, PELCR=3679, CORBR=3679, CHAVO=3679, CATAU=3679, PICPU=3679, EGRGA=3679, EURHE=3679, CARCR=3679, PHACA=3679, OPHHO=3679, CHLUN=3679, GEOFO=3679, LEPDI=3679, MANVI=3679, APTFO=3679, ACACH=3679, CUCCA=3679, HALLE=3679}
Number of gene trees: 3679
0 trees have missing taxa
Calculating quartet distance matrix (for completion of X)
Mem reserved
Mem reserved. 2
...............................................................................................................................................................................................................................................................................................................................................................................................................................................................................................................................................................................................................................................................................................................................................................................................................................................................................................................................................................................................................................................................................................................................................................................................................................................................................................................................................................................................................................................................................................................................................................................................................................................................................................................................................................................................................................................................................................................................................................................................................................................................................................................................................................................................................................................................................................................................................................................................................................................................................................................................................................................................................................................................................................................................................................................................................................................................................................................................................................................................................................................................................................................................................................................................................................................................................................................................................................................................................................................................................................................................................................................................................................................................................................................................................................................................................................BS set and saved
Convert to species 
Species tree distances calculated ...
Building set of clusters (X) from gene trees 
------------------------------
gradient0: 101023
Number of Clusters after addition by distance: 101023
calculating extra bipartitions to be added at level 1 ...
Adding to X using resolutions of greedy consensus ...
Limit for sigma of degrees:1250
polytomy size limit : 30
discarded polytomies: 34  [3, 4, 5, 7, 9, 12, 22, 30, 34]
Threshold 0.0:
Threshold 0.01:
polytomy of size 7; rounds with additions with at least 5 support: 4; clusters: 101073
polytomy of size 3; rounds with additions with at least 5 support: 0; clusters: 101073
Threshold 0.02:
polytomy of size 9; rounds with additions with at least 5 support: 1; clusters: 101119
polytomy of size 4; rounds with additions with at least 5 support: 0; clusters: 101119
Threshold 0.05:
polytomy of size 12; rounds with additions with at least 5 support: 0; clusters: 101125
polytomy of size 5; rounds with additions with at least 5 support: 0; clusters: 101125
Threshold 0.1:
polytomy of size 22; rounds with additions with at least 5 support: 0; clusters: 101133
Threshold 0.2:
polytomy of size 30; rounds with additions with at least 5 support: 0; clusters: 101133
Threshold 0.3333333333333333:
polytomy of size 34; rounds with additions with at least 5 support: 0; clusters: 101133
max k is :8
Number of Clusters after addition by greedy: 101133
gradient0 in heuristiic: 101133
partitions formed in 41.157 secs
Dynamic Programming starting after 41.157 secs
Using tree-based weight calculation.
Using polytree-based weight calculation.
Polytree max score: 715859820
Polytree building time: 0.849 seconds.
Number of quartet trees in the gene trees: 715859820
Size of largest cluster: 48
Greedy score: 389973063
estimationFactor: 1.8356647879548542
Calculated 100000 weights; time (seconds): 298
Sub-optimal score: 400883212
Calculated 200000 weights; time (seconds): 271
Calculated 300000 weights; time (seconds): 277
Calculated 400000 weights; time (seconds): 272
Calculated 500000 weights; time (seconds): 267
Calculated 600000 weights; time (seconds): 269
Calculated 700000 weights; time (seconds): 283
Calculated 800000 weights; time (seconds): 298
Calculated 900000 weights; time (seconds): 292
Total Number of elements weighted: 929568
Normalized score (portion of input quartet trees satisfied before correcting for multiple individuals): 0.5731561564664993
Optimization score: 410299463
Optimal tree inferred in 2618.336 secs.
(COLST,((LEPDI,(APAVI,(BUCRH,(MERNU,PICPU)))),((CARCR,(FALPE,((MELUN,NESNO),(ACACH,(MANVI,(CORBR,(GEOFO,TAEGU))))))),((TYTAL,(CATAU,(HALLE,HALAL))),((((STRCA,TINMA),(ANAPL,(GALGA,MELGA))),((PODCR,PHORU),(COLLI,(PTEGU,MESUN)))),((CUCCA,(CHLUN,TAUER)),((BALRE,(OPHHO,CHAVO)),((CAPCA,(CHAPE,CALAN)),((EURHE,PHALE),(GAVST,((FULGL,(PYGAD,APTFO)),(PHACA,(NIPNI,(EGRGA,PELCR))))))))))))));
Final quartet score is: 410299463
Final normalized quartet score is: 0.5731561564664993
(MANVI,((CORBR,(GEOFO,TAEGU)1:4.671642943705498)1:5.565944964011947,(ACACH,((MELUN,NESNO)1:6.200654995914938,(FALPE,(CARCR,(((TYTAL,(CATAU,(HALLE,HALAL)1:5.5859994389997505)1:0.16454995191624053)0.99:0.03386633283663614,((((STRCA,TINMA)1:3.809779704209515,(ANAPL,(GALGA,MELGA)1:4.338772816825609)1:3.1436304229516225)1:3.1292064595768476,((PODCR,PHORU)1:2.5170925094318335,(COLLI,(PTEGU,MESUN)1:0.24921647524467166)0.93:0.02531051626318674)0.76:0.01480985594123681)0.8:0.018133631527670172,((CUCCA,(CHLUN,TAUER)0.96:0.025884672449168925)1:0.06454554889839646,((BALRE,(OPHHO,CHAVO)0.57:0.008669720025932717)0.93:0.023821047129561745,((CAPCA,(CHAPE,CALAN)1:2.2716377800145238)1:0.4481087457705544,((EURHE,PHALE)1:0.26507065513446276,(GAVST,((FULGL,(PYGAD,APTFO)1:5.630451201570699)1:0.11246221297651014,(PHACA,(NIPNI,(EGRGA,PELCR)1:0.08603359430539521)1:0.19612939237152963)1:0.3659653022465043)1:0.3255563193093869)1:0.3180818828672745)1:0.03532878180138592)0.46:0.00827106198382064)0.53:0.007509481182734796)0.57:0.011668616991736295)1:0.6255754843682618)0.67:0.020268670878871756,((LEPDI,(APAVI,(BUCRH,(MERNU,PICPU)1:0.0916168274751226)1:0.1656754259907035)1:0.06778950258589907)1:0.16270448288273068,COLST)0.8:0.021359850337806678)1:0.1006752594557144)1:0.11980614053629046)1:0.1252224517779564)1:4.951751004318591)1:1.2923869479849783));
Weight calculation took 2494.242132685 secs
ASTRAL finished in 2620.566 secs
